\BOOKMARK [0][]{chapter.1}{\376\377\0001\000\040\000B\000a\000s\000i\000c\000\040\000k\000n\000o\000w\000l\000e\000d\000g\000e}{}% 1
\BOOKMARK [1][]{section.1.1}{\376\377\0001\000.\0001\000\040\000C\000a\000l\000a\000u\000l\000a\000t\000i\000o\000n\000\040\000o\000f\000\040\000s\000e\000t\000s}{chapter.1}% 2
\BOOKMARK [2][]{subsection.1.1.1}{\376\377\0001\000.\0001\000.\0001\000\040\000I\000n\000t\000e\000r\000s\000e\000c\000t\000o\000n\000\040\000a\000n\000d\000\040\000u\000n\000i\000o\000n}{section.1.1}% 3
\BOOKMARK [2][]{subsection.1.1.2}{\376\377\0001\000.\0001\000.\0002\000\040\000L\000i\000m\000i\000t\000\040\000o\000f\000\040\000S\000e\000t\000\040\000S\000e\000q\000u\000e\000n\000c\000e\000s}{section.1.1}% 4
\BOOKMARK [2][]{subsection.1.1.3}{\376\377\0001\000.\0001\000.\0003\000\040\000D\000i\000r\000e\000c\000t\000\040\000p\000r\000o\000d\000u\000c\000t\000\040\000o\000f\000\040\000s\000e\000t\000s}{section.1.1}% 5
\BOOKMARK [1][]{section.1.2}{\376\377\0001\000.\0002\000\040\000M\000a\000p\000p\000i\000n\000g\000s\000\040\000a\000n\000d\000\040\000c\000a\000r\000d\000i\000n\000a\000l\000i\000t\000y}{chapter.1}% 6
\BOOKMARK [0][]{chapter.2}{\376\377\0002\000\040\000M\000e\000a\000s\000u\000r\000e\000\040\000t\000h\000e\000o\000r\000y\000\040\000a\000n\000d\000\040\000p\000r\000o\000b\000a\000b\000i\000l\000i\000t\000y\000\040\000s\000p\000a\000c\000e\000s}{}% 7
\BOOKMARK [1][]{section.2.1}{\376\377\0002\000.\0001\000\040\000A\000l\000g\000e\000b\000r\000a\000s\000\040\000a\000n\000d\000\040\000-\000a\000l\000g\000e\000b\000r\000a\000s}{chapter.2}% 8
\BOOKMARK [1][]{section.2.2}{\376\377\0002\000.\0002\000\040\000M\000e\000a\000s\000u\000r\000a\000b\000l\000e\000\040\000s\000p\000a\000c\000e\000s}{chapter.2}% 9
\BOOKMARK [1][]{section.2.3}{\376\377\0002\000.\0003\000\040\000E\000x\000t\000e\000n\000s\000i\000o\000n\000\040\000T\000h\000e\000o\000r\000e\000m}{chapter.2}% 10
\BOOKMARK [1][]{section.2.4}{\376\377\0002\000.\0004\000\040\000I\000n\000c\000l\000u\000s\000i\000o\000n\000\040\000a\000n\000d\000\040\000e\000x\000c\000l\000u\000s\000i\000o\000n\000\040\000p\000r\000i\000n\000c\000i\000p\000l\000e}{chapter.2}% 11
\BOOKMARK [1][]{section.2.5}{\376\377\0002\000.\0005\000\040\000C\000o\000n\000d\000i\000t\000i\000o\000n\000a\000l\000\040\000p\000r\000o\000b\000a\000b\000i\000l\000i\000t\000y}{chapter.2}% 12
\BOOKMARK [2][]{subsection.2.5.1}{\376\377\0002\000.\0005\000.\0001\000\040\000D\000e\000f\000i\000n\000i\000t\000o\000n\000s}{section.2.5}% 13
\BOOKMARK [2][]{subsection.2.5.2}{\376\377\0002\000.\0005\000.\0002\000\040\000M\000u\000l\000t\000i\000p\000l\000i\000c\000a\000t\000i\000o\000n\000\040\000f\000o\000r\000m\000u\000l\000a}{section.2.5}% 14
\BOOKMARK [2][]{subsection.2.5.3}{\376\377\0002\000.\0005\000.\0003\000\040\000T\000o\000t\000a\000l\000\040\000p\000r\000o\000b\000a\000b\000i\000l\000i\000t\000y\000\040\000f\000o\000r\000m\000u\000l\000a}{section.2.5}% 15
\BOOKMARK [2][]{subsection.2.5.4}{\376\377\0002\000.\0005\000.\0004\000\040\000B\000a\000y\000e\000s\000\040\000f\000o\000r\000m\000u\000l\000a}{section.2.5}% 16
\BOOKMARK [0][]{chapter.3}{\376\377\0003\000\040\000R\000a\000n\000d\000o\000m\000\040\000v\000a\000r\000i\000a\000b\000l\000e\000s\000\040\000a\000n\000d\000\040\000t\000h\000e\000i\000r\000\040\000d\000i\000s\000t\000r\000i\000b\000u\000t\000i\000o\000n}{}% 17
\BOOKMARK [1][]{section.3.1}{\376\377\0003\000.\0001\000\040\000R\000a\000n\000d\000o\000m\000\040\000v\000a\000r\000i\000a\000b\000l\000e\000s\000;\000\040\000D\000i\000s\000t\000r\000i\000b\000u\000t\000i\000o\000n\000\040\000f\000u\000n\000c\000t\000i\000o\000n}{chapter.3}% 18
\BOOKMARK [1][]{section.3.2}{\376\377\0003\000.\0002\000\040\000P\000r\000o\000p\000e\000r\000t\000i\000e\000s\000\040\000o\000f\000\040\000B\000o\000r\000e\000l\000\040\000f\000u\000n\000c\000t\000i\000o\000n\000s}{chapter.3}% 19
\BOOKMARK [1][]{section.3.3}{\376\377\0003\000.\0003\000\040\000-\000a\000l\000g\000e\000b\000r\000a\000\040\000g\000e\000n\000e\000r\000a\000t\000e\000d\000\040\000b\000y\000\040\000a\000\040\000r\000a\000n\000d\000o\000m\000\040\000v\000a\000r\000i\000a\000b\000l\000e}{chapter.3}% 20
\BOOKMARK [1][]{section.3.4}{\376\377\0003\000.\0004\000\040\000I\000n\000d\000e\000p\000e\000n\000d\000e\000n\000c\000e}{chapter.3}% 21
\BOOKMARK [0][]{chapter.4}{\376\377\0004\000\040\000D\000i\000s\000c\000r\000e\000t\000e\000\040\000a\000n\000d\000\040\000c\000o\000n\000t\000i\000n\000u\000o\000u\000s\000\040\000r\000a\000n\000d\000o\000m\000\040\000v\000a\000r\000i\000a\000b\000l\000e\000s}{}% 22
\BOOKMARK [1][]{section.4.1}{\376\377\0004\000.\0001\000\040\000D\000e\000f\000i\000n\000i\000t\000i\000o\000n\000s}{chapter.4}% 23
\BOOKMARK [1][]{section.4.2}{\376\377\0004\000.\0002\000\040\000E\000x\000p\000e\000c\000t\000a\000t\000i\000o\000n\000\040\000a\000n\000d\000\040\000v\000a\000r\000i\000a\000n\000c\000e}{chapter.4}% 24
\BOOKMARK [1][]{section.4.3}{\376\377\0004\000.\0003\000\040\000L\000e\000b\000e\000s\000g\000u\000e\000\040\000i\000n\000t\000e\000g\000r\000a\000t\000i\000o\000n}{chapter.4}% 25
\BOOKMARK [1][]{section.4.4}{\376\377\0004\000.\0004\000\040\000A\000b\000s\000o\000u\000l\000t\000e\000\040\000c\000o\000n\000t\000i\000n\000u\000i\000t\000y\000\040\000a\000n\000d\000\040\000R\000a\000d\000o\000n\000-\000N\000i\000k\000o\000d\000y\000m\000\040\000d\000e\000r\000i\000v\000a\000t\000i\000v\000e}{chapter.4}% 26
\BOOKMARK [1][]{section.4.5}{\376\377\0004\000.\0005\000\040\000C\000o\000m\000m\000o\000n\000\040\000d\000i\000s\000c\000r\000e\000t\000e\000\040\000d\000i\000s\000t\000r\000i\000b\000u\000t\000i\000o\000n}{chapter.4}% 27
\BOOKMARK [1][]{section.4.6}{\376\377\0004\000.\0006\000\040\000I\000n\000e\000q\000u\000a\000l\000i\000t\000i\000e\000s}{chapter.4}% 28
\BOOKMARK [2][]{subsection.4.6.1}{\376\377\0004\000.\0006\000.\0001\000\040\000C\000h\000e\000b\000y\000c\000h\000e\000v}{section.4.6}% 29
\BOOKMARK [2][]{subsection.4.6.2}{\376\377\0004\000.\0006\000.\0002\000\040\000C\000a\000u\000c\000h\000y\000-\000S\000c\000h\000w\000a\000r\000z}{section.4.6}% 30
\BOOKMARK [0][]{chapter.5}{\376\377\0005\000\040\000M\000u\000l\000t\000i\000-\000d\000i\000m\000e\000n\000s\000i\000o\000n\000a\000l\000\040\000r\000a\000n\000d\000o\000m\000\040\000v\000a\000r\000i\000a\000b\000l\000e\000s}{}% 31
\BOOKMARK [1][]{section.5.1}{\376\377\0005\000.\0001\000\040\000J\000o\000i\000n\000t\000\040\000d\000i\000s\000t\000r\000i\000b\000u\000t\000i\000o\000n\000\040\000f\000u\000n\000c\000t\000i\000o\000n}{chapter.5}% 32
\BOOKMARK [1][]{section.5.2}{\376\377\0005\000.\0002\000\040\000C\000o\000n\000d\000i\000t\000i\000o\000n\000a\000l\000\040\000d\000i\000s\000t\000r\000i\000b\000u\000t\000i\000o\000n}{chapter.5}% 33
\BOOKMARK [2][]{subsection.5.2.1}{\376\377\0005\000.\0002\000.\0001\000\040\000D\000i\000s\000c\000r\000e\000t\000e\000\040\000c\000a\000s\000e\000s}{section.5.2}% 34
\BOOKMARK [2][]{subsection.5.2.2}{\376\377\0005\000.\0002\000.\0002\000\040\000C\000o\000n\000t\000i\000n\000u\000o\000u\000s\000\040\000c\000a\000s\000e\000s}{section.5.2}% 35
\BOOKMARK [2][]{subsection.5.2.3}{\376\377\0005\000.\0002\000.\0003\000\040\000T\000o\000t\000a\000l\000\040\000p\000r\000o\000b\000a\000b\000i\000l\000i\000t\000y\000\040\000f\000o\000r\000m\000u\000l\000a\000;\000\040\000B\000a\000y\000e\000s\000\040\000f\000o\000r\000m\000u\000l\000a}{section.5.2}% 36
\BOOKMARK [1][]{section.5.3}{\376\377\0005\000.\0003\000\040\000C\000o\000n\000d\000i\000t\000i\000o\000n\000a\000l\000\040\000e\000x\000p\000e\000c\000t\000a\000t\000i\000o\000n}{chapter.5}% 37
\BOOKMARK [2][]{subsection.5.3.1}{\376\377\0005\000.\0003\000.\0001\000\040\000D\000i\000s\000c\000r\000e\000t\000e\000\040\000c\000a\000s\000e\000s}{section.5.3}% 38
\BOOKMARK [2][]{subsection.5.3.2}{\376\377\0005\000.\0003\000.\0002\000\040\000C\000o\000n\000t\000i\000n\000u\000o\000u\000s\000\040\000c\000a\000s\000e\000s}{section.5.3}% 39
\BOOKMARK [0][]{chapter.6}{\376\377\0006\000\040\000R\000a\000n\000d\000o\000m\000\040\000W\000a\000l\000k}{}% 40
\BOOKMARK [0][]{chapter.7}{\376\377\0007\000\040\000F\000u\000n\000c\000t\000i\000o\000n\000s\000\040\000o\000f\000\040\000r\000a\000n\000d\000o\000m\000\040\000v\000a\000r\000i\000a\000b\000l\000e\000s}{}% 41
\BOOKMARK [1][]{section.7.1}{\376\377\0007\000.\0001\000\040\000F\000u\000n\000c\000t\000i\000o\000n\000s\000\040\000o\000f\000\040\000r\000a\000n\000d\000o\000m\000\040\000v\000a\000r\000i\000a\000b\000l\000e\000s}{chapter.7}% 42
\BOOKMARK [1][]{section.7.2}{\376\377\0007\000.\0002\000\040\000G\000e\000n\000e\000r\000a\000t\000i\000n\000g\000\040\000f\000u\000n\000c\000t\000i\000o\000n\000s}{chapter.7}% 43
\BOOKMARK [1][]{section.7.3}{\376\377\0007\000.\0003\000\040\000G\000a\000l\000t\000o\000n\000-\000W\000a\000l\000t\000e\000r\000\040\000p\000r\000o\000c\000e\000s\000s}{chapter.7}% 44
\BOOKMARK [1][]{section.7.4}{\376\377\0007\000.\0004\000\040\000C\000h\000a\000r\000a\000c\000t\000e\000r\000i\000s\000t\000i\000c\000\040\000f\000u\000n\000c\000t\000i\000o\000n\000s}{chapter.7}% 45
\BOOKMARK [1][]{section.7.5}{\376\377\0007\000.\0005\000\040\000C\000o\000m\000m\000o\000n\000\040\000c\000h\000a\000r\000a\000c\000t\000e\000r\000i\000s\000t\000i\000c\000\040\000f\000u\000n\000c\000t\000i\000o\000n\000s}{chapter.7}% 46
\BOOKMARK [1][]{section.7.6}{\376\377\0007\000.\0006\000\040\000I\000n\000v\000e\000r\000s\000i\000o\000n\000\040\000a\000n\000d\000\040\000c\000o\000n\000t\000i\000n\000u\000i\000t\000y}{chapter.7}% 47
\BOOKMARK [0][]{chapter.8}{\376\377\0008\000\040\000C\000o\000n\000v\000e\000r\000g\000e\000n\000c\000e\000\040\000o\000r\000\040\000r\000a\000n\000d\000o\000m\000\040\000v\000a\000r\000i\000a\000b\000l\000e\000s}{}% 48
\BOOKMARK [1][]{section.8.1}{\376\377\0008\000.\0001\000\040\000D\000i\000f\000f\000e\000r\000e\000n\000t\000\040\000m\000o\000d\000e\000s\000\040\000o\000f\000\040\000c\000o\000n\000v\000e\000r\000g\000e\000n\000c\000e}{chapter.8}% 49
\BOOKMARK [1][]{section.8.2}{\376\377\0008\000.\0002\000\040\000T\000a\000i\000l\000\040\000e\000v\000e\000n\000t\000s}{chapter.8}% 50
