This is pdfTeX, Version 3.141592653-2.6-1.40.24 (TeX Live 2022) (preloaded format=pdflatex 2022.9.17)  30 MAY 2024 13:58
entering extended mode
 restricted \write18 enabled.
 file:line:error style messages enabled.
 %&-line parsing enabled.
**c:/Users/LJR/Desktop/Maths/elegant_math/TheoryOfProbability/LectureNotes/main.tex
(c:/Users/LJR/Desktop/Maths/elegant_math/TheoryOfProbability/LectureNotes/main.tex
LaTeX2e <2022-06-01> patch level 5
L3 programming layer <2022-08-30> (d:/texlive/2022/texmf-dist/tex/latex/elegantbook/elegantbook.cls
Document Class: elegantbook 2022/04/09 v4.3 ElegantBook document class
(d:/texlive/2022/texmf-dist/tex/latex/kvoptions/kvoptions.sty
Package: kvoptions 2022-06-15 v3.15 Key value format for package options (HO)
 (d:/texlive/2022/texmf-dist/tex/latex/graphics/keyval.sty
Package: keyval 2022/05/29 v1.15 key=value parser (DPC)
\KV@toks@=\toks16
) (d:/texlive/2022/texmf-dist/tex/generic/ltxcmds/ltxcmds.sty
Package: ltxcmds 2020-05-10 v1.25 LaTeX kernel commands for general use (HO)
) (d:/texlive/2022/texmf-dist/tex/generic/kvsetkeys/kvsetkeys.sty
Package: kvsetkeys 2019/12/15 v1.18 Key value parser (HO)
)) (d:/texlive/2022/texmf-dist/tex/latex/etoolbox/etoolbox.sty
Package: etoolbox 2020/10/05 v2.5k e-TeX tools for LaTeX (JAW)
\etb@tempcnta=\count185
) (d:/texlive/2022/texmf-dist/tex/latex/base/book.cls
Document Class: book 2021/10/04 v1.4n Standard LaTeX document class
(d:/texlive/2022/texmf-dist/tex/latex/base/bk11.clo
File: bk11.clo 2021/10/04 v1.4n Standard LaTeX file (size option)
)
\c@part=\count186
\c@chapter=\count187
\c@section=\count188
\c@subsection=\count189
\c@subsubsection=\count190
\c@paragraph=\count191
\c@subparagraph=\count192
\c@figure=\count193
\c@table=\count194
\abovecaptionskip=\skip47
\belowcaptionskip=\skip48
\bibindent=\dimen138
) (d:/texlive/2022/texmf-dist/tex/latex/setspace/setspace.sty
Package: setspace 2011/12/19 v6.7a set line spacing
) (d:/texlive/2022/texmf-dist/tex/latex/csquotes/csquotes.sty
Package: csquotes 2022-09-14 v5.2n context-sensitive quotations (JAW)
\csq@reset=\count195
\csq@gtype=\count196
\csq@glevel=\count197
\csq@qlevel=\count198
\csq@maxlvl=\count199
\csq@tshold=\count266
\csq@ltx@everypar=\toks17
 (d:/texlive/2022/texmf-dist/tex/latex/csquotes/csquotes.def
File: csquotes.def 2022-09-14 v5.2n csquotes generic definitions (JAW)
)
Package csquotes Info: Trying to load configuration file 'csquotes.cfg'...
Package csquotes Info: ... configuration file loaded successfully.
 (d:/texlive/2022/texmf-dist/tex/latex/csquotes/csquotes.cfg
File: csquotes.cfg 
)) (d:/texlive/2022/texmf-dist/tex/latex/hyperref/hyperref.sty
Package: hyperref 2022-06-20 v7.00s Hypertext links for LaTeX
 (d:/texlive/2022/texmf-dist/tex/generic/iftex/iftex.sty
Package: iftex 2022/02/03 v1.0f TeX engine tests
) (d:/texlive/2022/texmf-dist/tex/generic/pdftexcmds/pdftexcmds.sty
Package: pdftexcmds 2020-06-27 v0.33 Utility functions of pdfTeX for LuaTeX (HO)
 (d:/texlive/2022/texmf-dist/tex/generic/infwarerr/infwarerr.sty
Package: infwarerr 2019/12/03 v1.5 Providing info/warning/error messages (HO)
)
Package pdftexcmds Info: \pdf@primitive is available.
Package pdftexcmds Info: \pdf@ifprimitive is available.
Package pdftexcmds Info: \pdfdraftmode found.
) (d:/texlive/2022/texmf-dist/tex/generic/kvdefinekeys/kvdefinekeys.sty
Package: kvdefinekeys 2019-12-19 v1.6 Define keys (HO)
) (d:/texlive/2022/texmf-dist/tex/generic/pdfescape/pdfescape.sty
Package: pdfescape 2019/12/09 v1.15 Implements pdfTeX's escape features (HO)
) (d:/texlive/2022/texmf-dist/tex/latex/hycolor/hycolor.sty
Package: hycolor 2020-01-27 v1.10 Color options for hyperref/bookmark (HO)
) (d:/texlive/2022/texmf-dist/tex/latex/letltxmacro/letltxmacro.sty
Package: letltxmacro 2019/12/03 v1.6 Let assignment for LaTeX macros (HO)
) (d:/texlive/2022/texmf-dist/tex/latex/auxhook/auxhook.sty
Package: auxhook 2019-12-17 v1.6 Hooks for auxiliary files (HO)
) (d:/texlive/2022/texmf-dist/tex/latex/hyperref/nameref.sty
Package: nameref 2022-05-17 v2.50 Cross-referencing by name of section
 (d:/texlive/2022/texmf-dist/tex/latex/refcount/refcount.sty
Package: refcount 2019/12/15 v3.6 Data extraction from label references (HO)
) (d:/texlive/2022/texmf-dist/tex/generic/gettitlestring/gettitlestring.sty
Package: gettitlestring 2019/12/15 v1.6 Cleanup title references (HO)
)
\c@section@level=\count267
)
\@linkdim=\dimen139
\Hy@linkcounter=\count268
\Hy@pagecounter=\count269
 (d:/texlive/2022/texmf-dist/tex/latex/hyperref/pd1enc.def
File: pd1enc.def 2022-06-20 v7.00s Hyperref: PDFDocEncoding definition (HO)
Now handling font encoding PD1 ...
... no UTF-8 mapping file for font encoding PD1
) (d:/texlive/2022/texmf-dist/tex/generic/intcalc/intcalc.sty
Package: intcalc 2019/12/15 v1.3 Expandable calculations with integers (HO)
) (d:/texlive/2022/texmf-dist/tex/generic/etexcmds/etexcmds.sty
Package: etexcmds 2019/12/15 v1.7 Avoid name clashes with e-TeX commands (HO)
)
\Hy@SavedSpaceFactor=\count270
 (d:/texlive/2022/texmf-dist/tex/latex/hyperref/puenc.def
File: puenc.def 2022-06-20 v7.00s Hyperref: PDF Unicode definition (HO)
Now handling font encoding PU ...
... no UTF-8 mapping file for font encoding PU
)
Package hyperref Info: Hyper figures OFF on input line 4162.
Package hyperref Info: Link nesting OFF on input line 4167.
Package hyperref Info: Hyper index ON on input line 4170.
Package hyperref Info: Plain pages OFF on input line 4177.
Package hyperref Info: Backreferencing OFF on input line 4182.
Package hyperref Info: Implicit mode ON; LaTeX internals redefined.
Package hyperref Info: Bookmarks ON on input line 4408.
\c@Hy@tempcnt=\count271
 (d:/texlive/2022/texmf-dist/tex/latex/url/url.sty
\Urlmuskip=\muskip16
Package: url 2013/09/16  ver 3.4  Verb mode for urls, etc.
)
LaTeX Info: Redefining \url on input line 4746.
\XeTeXLinkMargin=\dimen140
 (d:/texlive/2022/texmf-dist/tex/generic/bitset/bitset.sty
Package: bitset 2019/12/09 v1.3 Handle bit-vector datatype (HO)
 (d:/texlive/2022/texmf-dist/tex/generic/bigintcalc/bigintcalc.sty
Package: bigintcalc 2019/12/15 v1.5 Expandable calculations on big integers (HO)
))
\Fld@menulength=\count272
\Field@Width=\dimen141
\Fld@charsize=\dimen142
Package hyperref Info: Hyper figures OFF on input line 6024.
Package hyperref Info: Link nesting OFF on input line 6029.
Package hyperref Info: Hyper index ON on input line 6032.
Package hyperref Info: backreferencing OFF on input line 6039.
Package hyperref Info: Link coloring OFF on input line 6044.
Package hyperref Info: Link coloring with OCG OFF on input line 6049.
Package hyperref Info: PDF/A mode OFF on input line 6054.
 (d:/texlive/2022/texmf-dist/tex/latex/base/atbegshi-ltx.sty
Package: atbegshi-ltx 2021/01/10 v1.0c Emulation of the original atbegshi
package with kernel methods
)
\Hy@abspage=\count273
\c@Item=\count274
\c@Hfootnote=\count275
)
Package hyperref Info: Driver (autodetected): hpdftex.
 (d:/texlive/2022/texmf-dist/tex/latex/hyperref/hpdftex.def
File: hpdftex.def 2022-06-20 v7.00s Hyperref driver for pdfTeX
 (d:/texlive/2022/texmf-dist/tex/latex/base/atveryend-ltx.sty
Package: atveryend-ltx 2020/08/19 v1.0a Emulation of the original atveryend package
with kernel methods
)
\Fld@listcount=\count276
\c@bookmark@seq@number=\count277
 (d:/texlive/2022/texmf-dist/tex/latex/rerunfilecheck/rerunfilecheck.sty
Package: rerunfilecheck 2022-07-10 v1.10 Rerun checks for auxiliary files (HO)
 (d:/texlive/2022/texmf-dist/tex/generic/uniquecounter/uniquecounter.sty
Package: uniquecounter 2019/12/15 v1.4 Provide unlimited unique counter (HO)
)
Package uniquecounter Info: New unique counter `rerunfilecheck' on input line 285.
)
\Hy@SectionHShift=\skip49
)
Package hyperref Info: Option `breaklinks' set `true' on input line 125.
Package hyperref Info: Option `unicode' set `true' on input line 125.
Package hyperref Info: Option `bookmarksnumbered' set `true' on input line 125.
Package hyperref Info: Option `bookmarksopen' set `true' on input line 125.
Package hyperref Info: Option `colorlinks' set `true' on input line 125.
Package hyperref Info: Option `plainpages' set `false' on input line 125.
Package hyperref Info: Option `linktocpage' set `true' on input line 125.
 (d:/texlive/2022/texmf-dist/tex/latex/geometry/geometry.sty
Package: geometry 2020/01/02 v5.9 Page Geometry
 (d:/texlive/2022/texmf-dist/tex/generic/iftex/ifvtex.sty
Package: ifvtex 2019/10/25 v1.7 ifvtex legacy package. Use iftex instead.
)
\Gm@cnth=\count278
\Gm@cntv=\count279
\c@Gm@tempcnt=\count280
\Gm@bindingoffset=\dimen143
\Gm@wd@mp=\dimen144
\Gm@odd@mp=\dimen145
\Gm@even@mp=\dimen146
\Gm@layoutwidth=\dimen147
\Gm@layoutheight=\dimen148
\Gm@layouthoffset=\dimen149
\Gm@layoutvoffset=\dimen150
\Gm@dimlist=\toks18
) (d:/texlive/2022/texmf-dist/tex/latex/tools/indentfirst.sty
Package: indentfirst 1995/11/23 v1.03 Indent first paragraph (DPC)
) (d:/texlive/2022/texmf-dist/tex/latex/comment/comment.sty
\CommentStream=\write3
 Excluding comment 'comment') (d:/texlive/2022/texmf-dist/tex/latex/newtx/newtxtext.sty
Package: newtxtext 2022/02/28 v1.71(Michael Sharpe) latex and unicode latex support for TeXGyreTermesX
 `newtxtext' v1.71, 2022/02/28 Text macros taking advantage of TeXGyre Termes and its extensions (msharpe) (d:/texlive/2022/texmf-dist/tex/latex/xkeyval/xkeyval.sty
Package: xkeyval 2022/06/16 v2.9 package option processing (HA)
 (d:/texlive/2022/texmf-dist/tex/generic/xkeyval/xkeyval.tex (d:/texlive/2022/texmf-dist/tex/generic/xkeyval/xkvutils.tex
\XKV@toks=\toks19
\XKV@tempa@toks=\toks20
)
\XKV@depth=\count281
File: xkeyval.tex 2014/12/03 v2.7a key=value parser (HA)
)) (d:/texlive/2022/texmf-dist/tex/latex/base/textcomp.sty
Package: textcomp 2020/02/02 v2.0n Standard LaTeX package
) (d:/texlive/2022/texmf-dist/tex/generic/xstring/xstring.sty (d:/texlive/2022/texmf-dist/tex/generic/xstring/xstring.tex
\integerpart=\count282
\decimalpart=\count283
)
Package: xstring 2021/07/21 v1.84 String manipulations (CT)
) (d:/texlive/2022/texmf-dist/tex/latex/base/ifthen.sty
Package: ifthen 2022/04/13 v1.1d Standard LaTeX ifthen package (DPC)
) (d:/texlive/2022/texmf-dist/tex/latex/carlisle/scalefnt.sty)
LaTeX Font Info:    Setting ntxLF sub-encoding to TS1/0 on input line 21.
LaTeX Font Info:    Setting ntxTLF sub-encoding to TS1/0 on input line 21.
LaTeX Font Info:    Setting ntxOsF sub-encoding to TS1/0 on input line 21.
LaTeX Font Info:    Setting ntxTOsF sub-encoding to TS1/0 on input line 21.
 (d:/texlive/2022/texmf-dist/tex/generic/kastrup/binhex.tex)
\ntx@tmpcnta=\count284
\ntx@cnt=\count285

ntx@otftextfalse
(d:/texlive/2022/texmf-dist/tex/latex/fontaxes/fontaxes.sty
Package: fontaxes 2020/07/21 v1.0e Font selection axes
LaTeX Info: Redefining \upshape on input line 29.
LaTeX Info: Redefining \itshape on input line 31.
LaTeX Info: Redefining \slshape on input line 33.
LaTeX Info: Redefining \swshape on input line 35.
LaTeX Info: Redefining \scshape on input line 37.
LaTeX Info: Redefining \sscshape on input line 39.
LaTeX Info: Redefining \ulcshape on input line 41.
LaTeX Info: Redefining \textsw on input line 47.
LaTeX Info: Redefining \textssc on input line 48.
LaTeX Info: Redefining \textulc on input line 49.
)
LaTeX Info: Redefining \oldstylenums on input line 657.
) (d:/texlive/2022/texmf-dist/tex/latex/psnfss/helvet.sty
Package: helvet 2020/03/25 PSNFSS-v9.3 (WaS) 
) (d:/texlive/2022/texmf-dist/tex/latex/anyfontsize/anyfontsize.sty
Package: anyfontsize 2007/11/22 anyfontsize.sty by pts
) (d:/texlive/2022/texmf-dist/tex/latex/xcolor/xcolor.sty
Package: xcolor 2022/06/12 v2.14 LaTeX color extensions (UK)
 (d:/texlive/2022/texmf-dist/tex/latex/graphics-cfg/color.cfg
File: color.cfg 2016/01/02 v1.6 sample color configuration
)
Package xcolor Info: Driver file: pdftex.def on input line 227.
 (d:/texlive/2022/texmf-dist/tex/latex/graphics-def/pdftex.def
File: pdftex.def 2020/10/05 v1.2a Graphics/color driver for pdftex
) (d:/texlive/2022/texmf-dist/tex/latex/colortbl/colortbl.sty
Package: colortbl 2022/06/20 v1.0f Color table columns (DPC)
 (d:/texlive/2022/texmf-dist/tex/latex/tools/array.sty
Package: array 2022/03/10 v2.5f Tabular extension package (FMi)
\col@sep=\dimen151
\ar@mcellbox=\box51
\extrarowheight=\dimen152
\NC@list=\toks21
\extratabsurround=\skip50
\backup@length=\skip51
\ar@cellbox=\box52
)
\everycr=\toks22
\minrowclearance=\skip52
\rownum=\count286
) (d:/texlive/2022/texmf-dist/tex/latex/graphics/mathcolor.ltx)
Package xcolor Info: Model `cmy' substituted by `cmy0' on input line 1353.
Package xcolor Info: Model `hsb' substituted by `rgb' on input line 1357.
Package xcolor Info: Model `RGB' extended on input line 1369.
Package xcolor Info: Model `HTML' substituted by `rgb' on input line 1371.
Package xcolor Info: Model `Hsb' substituted by `hsb' on input line 1372.
Package xcolor Info: Model `tHsb' substituted by `hsb' on input line 1373.
Package xcolor Info: Model `HSB' substituted by `hsb' on input line 1374.
Package xcolor Info: Model `Gray' substituted by `gray' on input line 1375.
Package xcolor Info: Model `wave' substituted by `hsb' on input line 1376.
) (d:/texlive/2022/texmf-dist/tex/latex/mwe/mwe.sty
Package: mwe 2018/03/30 v0.5 Package to support minimal working examples (MWE)
 (d:/texlive/2022/texmf-dist/tex/latex/graphics/graphicx.sty
Package: graphicx 2021/09/16 v1.2d Enhanced LaTeX Graphics (DPC,SPQR)
 (d:/texlive/2022/texmf-dist/tex/latex/graphics/graphics.sty
Package: graphics 2022/03/10 v1.4e Standard LaTeX Graphics (DPC,SPQR)
 (d:/texlive/2022/texmf-dist/tex/latex/graphics/trig.sty
Package: trig 2021/08/11 v1.11 sin cos tan (DPC)
) (d:/texlive/2022/texmf-dist/tex/latex/graphics-cfg/graphics.cfg
File: graphics.cfg 2016/06/04 v1.11 sample graphics configuration
)
Package graphics Info: Driver file: pdftex.def on input line 107.
)
\Gin@req@height=\dimen153
\Gin@req@width=\dimen154
) (d:/texlive/2022/texmf-dist/tex/latex/lipsum/lipsum.sty (d:/texlive/2022/texmf-dist/tex/latex/l3packages/l3keys2e/l3keys2e.sty (d:/texlive/2022/texmf-dist/tex/latex/l3kernel/expl3.sty
Package: expl3 2022-08-30 L3 programming layer (loader) 
 (d:/texlive/2022/texmf-dist/tex/latex/l3backend/l3backend-pdftex.def
File: l3backend-pdftex.def 2022-08-30 L3 backend support: PDF output (pdfTeX)
\l__color_backend_stack_int=\count287
\l__pdf_internal_box=\box53
))
Package: l3keys2e 2022-06-22 LaTeX2e option processing using LaTeX3 keys
)
Package: lipsum 2021-09-20 v2.7 150 paragraphs of Lorem Ipsum dummy text
\g__lipsum_par_int=\count288
\l__lipsum_a_int=\count289
\l__lipsum_b_int=\count290
 (d:/texlive/2022/texmf-dist/tex/latex/lipsum/lipsum.ltd.tex)) (d:/texlive/2022/texmf-dist/tex/latex/blindtext/blindtext.sty
Package: blindtext 2012/01/06 V2.0 blindtext-Package
 (d:/texlive/2022/texmf-dist/tex/latex/tools/xspace.sty
Package: xspace 2014/10/28 v1.13 Space after command names (DPC,MH)
)
\c@blindtext=\count291
\c@Blindtext=\count292
\c@blind@countparstart=\count293
\blind@countxx=\count294
\blindtext@numBlindtext=\count295
\blind@countyy=\count296
\c@blindlist=\count297
\c@blindlistlevel=\count298
\c@blindlist@level=\count299
\blind@listitem=\count300
\c@blind@listcount=\count301
\c@blind@levelcount=\count302
\blind@mathformula=\count303
\blind@Mathformula=\count304
\c@blind@randomcount=\count305
\c@blind@randommax=\count306
\c@blind@pangramcount=\count307
\c@blind@pangrammax=\count308
)) (d:/texlive/2022/texmf-dist/tex/latex/tools/enumerate.sty
Package: enumerate 2015/07/23 v3.00 enumerate extensions (DPC)
\@enLab=\toks23
) (d:/texlive/2022/texmf-dist/tex/latex/enumitem/enumitem.sty
Package: enumitem 2019/06/20 v3.9 Customized lists
\labelindent=\skip53
\enit@outerparindent=\dimen155
\enit@toks=\toks24
\enit@inbox=\box54
\enit@count@id=\count309
\enitdp@description=\count310
) (d:/texlive/2022/texmf-dist/tex/latex/caption/caption.sty
Package: caption 2022/03/01 v3.6b Customizing captions (AR)
 (d:/texlive/2022/texmf-dist/tex/latex/caption/caption3.sty
Package: caption3 2022/03/17 v2.3b caption3 kernel (AR)
\caption@tempdima=\dimen156
\captionmargin=\dimen157
\caption@leftmargin=\dimen158
\caption@rightmargin=\dimen159
\caption@width=\dimen160
\caption@indent=\dimen161
\caption@parindent=\dimen162
\caption@hangindent=\dimen163
Package caption Info: Standard document class detected.
)
\c@caption@flags=\count311
\c@continuedfloat=\count312
Package caption Info: hyperref package is loaded.
) (d:/texlive/2022/texmf-dist/tex/latex/amsmath/amsmath.sty
Package: amsmath 2022/04/08 v2.17n AMS math features
\@mathmargin=\skip54

For additional information on amsmath, use the `?' option.
(d:/texlive/2022/texmf-dist/tex/latex/amsmath/amstext.sty
Package: amstext 2021/08/26 v2.01 AMS text
 (d:/texlive/2022/texmf-dist/tex/latex/amsmath/amsgen.sty
File: amsgen.sty 1999/11/30 v2.0 generic functions
\@emptytoks=\toks25
\ex@=\dimen164
)) (d:/texlive/2022/texmf-dist/tex/latex/amsmath/amsbsy.sty
Package: amsbsy 1999/11/29 v1.2d Bold Symbols
\pmbraise@=\dimen165
) (d:/texlive/2022/texmf-dist/tex/latex/amsmath/amsopn.sty
Package: amsopn 2022/04/08 v2.04 operator names
)
\inf@bad=\count313
LaTeX Info: Redefining \frac on input line 234.
\uproot@=\count314
\leftroot@=\count315
LaTeX Info: Redefining \overline on input line 399.
LaTeX Info: Redefining \colon on input line 410.
\classnum@=\count316
\DOTSCASE@=\count317
LaTeX Info: Redefining \ldots on input line 496.
LaTeX Info: Redefining \dots on input line 499.
LaTeX Info: Redefining \cdots on input line 620.
\Mathstrutbox@=\box55
\strutbox@=\box56
LaTeX Info: Redefining \big on input line 722.
LaTeX Info: Redefining \Big on input line 723.
LaTeX Info: Redefining \bigg on input line 724.
LaTeX Info: Redefining \Bigg on input line 725.
\big@size=\dimen166
LaTeX Font Info:    Redeclaring font encoding OML on input line 743.
LaTeX Font Info:    Redeclaring font encoding OMS on input line 744.
\macc@depth=\count318
LaTeX Info: Redefining \bmod on input line 905.
LaTeX Info: Redefining \pmod on input line 910.
LaTeX Info: Redefining \smash on input line 940.
LaTeX Info: Redefining \relbar on input line 970.
LaTeX Info: Redefining \Relbar on input line 971.
\c@MaxMatrixCols=\count319
\dotsspace@=\muskip17
\c@parentequation=\count320
\dspbrk@lvl=\count321
\tag@help=\toks26
\row@=\count322
\column@=\count323
\maxfields@=\count324
\andhelp@=\toks27
\eqnshift@=\dimen167
\alignsep@=\dimen168
\tagshift@=\dimen169
\tagwidth@=\dimen170
\totwidth@=\dimen171
\lineht@=\dimen172
\@envbody=\toks28
\multlinegap=\skip55
\multlinetaggap=\skip56
\mathdisplay@stack=\toks29
LaTeX Info: Redefining \[ on input line 2953.
LaTeX Info: Redefining \] on input line 2954.
) (d:/texlive/2022/texmf-dist/tex/latex/jknapltx/mathrsfs.sty
Package: mathrsfs 1996/01/01 Math RSFS package v1.0 (jk)
\symrsfs=\mathgroup4
) (d:/texlive/2022/texmf-dist/tex/latex/amsfonts/amsfonts.sty
Package: amsfonts 2013/01/14 v3.01 Basic AMSFonts support
\symAMSa=\mathgroup5
\symAMSb=\mathgroup6
LaTeX Font Info:    Redeclaring math symbol \hbar on input line 98.
LaTeX Font Info:    Overwriting math alphabet `\mathfrak' in version `bold'
(Font)                  U/euf/m/n --> U/euf/b/n on input line 106.
) (d:/texlive/2022/texmf-dist/tex/latex/amsfonts/amssymb.sty
Package: amssymb 2013/01/14 v3.01 AMS font symbols
) (d:/texlive/2022/texmf-dist/tex/latex/booktabs/booktabs.sty
Package: booktabs 2020/01/12 v1.61803398 Publication quality tables
\heavyrulewidth=\dimen173
\lightrulewidth=\dimen174
\cmidrulewidth=\dimen175
\belowrulesep=\dimen176
\belowbottomsep=\dimen177
\aboverulesep=\dimen178
\abovetopsep=\dimen179
\cmidrulesep=\dimen180
\cmidrulekern=\dimen181
\defaultaddspace=\dimen182
\@cmidla=\count325
\@cmidlb=\count326
\@aboverulesep=\dimen183
\@belowrulesep=\dimen184
\@thisruleclass=\count327
\@lastruleclass=\count328
\@thisrulewidth=\dimen185
) (d:/texlive/2022/texmf-dist/tex/latex/tools/multicol.sty
Package: multicol 2021/11/30 v1.9d multicolumn formatting (FMi)
\c@tracingmulticols=\count329
\mult@box=\box57
\multicol@leftmargin=\dimen186
\c@unbalance=\count330
\c@collectmore=\count331
\doublecol@number=\count332
\multicoltolerance=\count333
\multicolpretolerance=\count334
\full@width=\dimen187
\page@free=\dimen188
\premulticols=\dimen189
\postmulticols=\dimen190
\multicolsep=\skip57
\multicolbaselineskip=\skip58
\partial@page=\box58
\last@line=\box59
\maxbalancingoverflow=\dimen191
\mult@rightbox=\box60
\mult@grightbox=\box61
\mult@firstbox=\box62
\mult@gfirstbox=\box63
\@tempa=\box64
\@tempa=\box65
\@tempa=\box66
\@tempa=\box67
\@tempa=\box68
\@tempa=\box69
\@tempa=\box70
\@tempa=\box71
\@tempa=\box72
\@tempa=\box73
\@tempa=\box74
\@tempa=\box75
\@tempa=\box76
\@tempa=\box77
\@tempa=\box78
\@tempa=\box79
\@tempa=\box80
\@tempa=\box81
\@tempa=\box82
\@tempa=\box83
\@tempa=\box84
\@tempa=\box85
\@tempa=\box86
\@tempa=\box87
\@tempa=\box88
\@tempa=\box89
\@tempa=\box90
\@tempa=\box91
\@tempa=\box92
\@tempa=\box93
\@tempa=\box94
\@tempa=\box95
\@tempa=\box96
\@tempa=\box97
\@tempa=\box98
\@tempa=\box99
\c@minrows=\count335
\c@columnbadness=\count336
\c@finalcolumnbadness=\count337
\last@try=\dimen192
\multicolovershoot=\dimen193
\multicolundershoot=\dimen194
\mult@nat@firstbox=\box100
\colbreak@box=\box101
\mc@col@check@num=\count338
) (d:/texlive/2022/texmf-dist/tex/latex/multirow/multirow.sty
Package: multirow 2021/03/15 v2.8 Span multiple rows of a table
\multirow@colwidth=\skip59
\multirow@cntb=\count339
\multirow@dima=\skip60
\bigstrutjot=\dimen195
) (d:/texlive/2022/texmf-dist/tex/latex/fancyvrb/fancyvrb.sty
Package: fancyvrb 2022/06/06 4.5 verbatim text (tvz,hv)
\FV@CodeLineNo=\count340
\FV@InFile=\read2
\FV@TabBox=\box102
\c@FancyVerbLine=\count341
\FV@StepNumber=\count342
\FV@OutFile=\write4
) (d:/texlive/2022/texmf-dist/tex/latex/makecell/makecell.sty
Package: makecell 2009/08/03 V0.1e Managing of Tab Column Heads and Cells
\rotheadsize=\dimen196
\c@nlinenum=\count343
\TeXr@lab=\toks30
) (d:/texlive/2022/texmf-dist/tex/generic/hologo/hologo.sty
Package: hologo 2021-11-16 v1.15 A logo collection with bookmark support (HO)
) (d:/texlive/2022/texmf-dist/tex/latex/titlesec/titlesec.sty
Package: titlesec 2021/07/05 v2.14 Sectioning titles
\ttl@box=\box103
\beforetitleunit=\skip61
\aftertitleunit=\skip62
\ttl@plus=\dimen197
\ttl@minus=\dimen198
\ttl@toksa=\toks31
\titlewidth=\dimen199
\titlewidthlast=\dimen256
\titlewidthfirst=\dimen257
 (d:/texlive/2022/texmf-dist/tex/latex/titlesec/titleps.sty)) (d:/texlive/2022/texmf-dist/tex/latex/appendix/appendix.sty
Package: appendix 2020/02/08 v1.2c extra appendix facilities
\c@@pps=\count344
\c@@ppsavesec=\count345
\c@@ppsaveapp=\count346
) (d:/texlive/2022/texmf-dist/tex/latex/biblatex/biblatex.sty
Package: biblatex 2022/07/12 v3.18b programmable bibliographies (PK/MW)
 (d:/texlive/2022/texmf-dist/tex/latex/logreq/logreq.sty
Package: logreq 2010/08/04 v1.0 xml request logger
\lrq@indent=\count347
 (d:/texlive/2022/texmf-dist/tex/latex/logreq/logreq.def
File: logreq.def 2010/08/04 v1.0 logreq spec v1.0
))
\c@tabx@nest=\count348
\c@listtotal=\count349
\c@listcount=\count350
\c@liststart=\count351
\c@liststop=\count352
\c@citecount=\count353
\c@citetotal=\count354
\c@multicitecount=\count355
\c@multicitetotal=\count356
\c@instcount=\count357
\c@maxnames=\count358
\c@minnames=\count359
\c@maxitems=\count360
\c@minitems=\count361
\c@citecounter=\count362
\c@maxcitecounter=\count363
\c@savedcitecounter=\count364
\c@uniquelist=\count365
\c@uniquename=\count366
\c@refsection=\count367
\c@refsegment=\count368
\c@maxextratitle=\count369
\c@maxextratitleyear=\count370
\c@maxextraname=\count371
\c@maxextradate=\count372
\c@maxextraalpha=\count373
\c@abbrvpenalty=\count374
\c@highnamepenalty=\count375
\c@lownamepenalty=\count376
\c@maxparens=\count377
\c@parenlevel=\count378
\blx@tempcnta=\count379
\blx@tempcntb=\count380
\blx@tempcntc=\count381
\c@blx@maxsection=\count382
\blx@maxsegment@0=\count383
\blx@notetype=\count384
\blx@parenlevel@text=\count385
\blx@parenlevel@foot=\count386
\blx@sectionciteorder@0=\count387
\blx@sectionciteorderinternal@0=\count388
\blx@entrysetcounter=\count389
\blx@biblioinstance=\count390
\labelnumberwidth=\skip63
\labelalphawidth=\skip64
\biblabelsep=\skip65
\bibitemsep=\skip66
\bibnamesep=\skip67
\bibinitsep=\skip68
\bibparsep=\skip69
\bibhang=\skip70
\blx@bcfin=\read3
\blx@bcfout=\write5
\blx@langwohyphens=\language87
\c@mincomprange=\count391
\c@maxcomprange=\count392
\c@mincompwidth=\count393
Package biblatex Info: Trying to load biblatex default data model...
Package biblatex Info: ... file 'blx-dm.def' found.
 (d:/texlive/2022/texmf-dist/tex/latex/biblatex/blx-dm.def
File: blx-dm.def 2022/07/12 v3.18b biblatex localization (PK/MW)
)
Package biblatex Info: Trying to load biblatex citestyle data model...
Package biblatex Info: ... file 'authoryear.dbx' not found.
Package biblatex Info: Trying to load biblatex bibstyle data model...
Package biblatex Info: ... file 'numeric.dbx' not found.
Package biblatex Info: Trying to load biblatex custom data model...
Package biblatex Info: ... file 'biblatex-dm.cfg' not found.
\c@afterword=\count394
\c@savedafterword=\count395
\c@annotator=\count396
\c@savedannotator=\count397
\c@author=\count398
\c@savedauthor=\count399
\c@bookauthor=\count400
\c@savedbookauthor=\count401
\c@commentator=\count402
\c@savedcommentator=\count403
\c@editor=\count404
\c@savededitor=\count405
\c@editora=\count406
\c@savededitora=\count407
\c@editorb=\count408
\c@savededitorb=\count409
\c@editorc=\count410
\c@savededitorc=\count411
\c@foreword=\count412
\c@savedforeword=\count413
\c@holder=\count414
\c@savedholder=\count415
\c@introduction=\count416
\c@savedintroduction=\count417
\c@namea=\count418
\c@savednamea=\count419
\c@nameb=\count420
\c@savednameb=\count421
\c@namec=\count422
\c@savednamec=\count423
\c@translator=\count424
\c@savedtranslator=\count425
\c@shortauthor=\count426
\c@savedshortauthor=\count427
\c@shorteditor=\count428
\c@savedshorteditor=\count429
\c@labelname=\count430
\c@savedlabelname=\count431
\c@institution=\count432
\c@savedinstitution=\count433
\c@lista=\count434
\c@savedlista=\count435
\c@listb=\count436
\c@savedlistb=\count437
\c@listc=\count438
\c@savedlistc=\count439
\c@listd=\count440
\c@savedlistd=\count441
\c@liste=\count442
\c@savedliste=\count443
\c@listf=\count444
\c@savedlistf=\count445
\c@location=\count446
\c@savedlocation=\count447
\c@organization=\count448
\c@savedorganization=\count449
\c@origlocation=\count450
\c@savedoriglocation=\count451
\c@origpublisher=\count452
\c@savedorigpublisher=\count453
\c@publisher=\count454
\c@savedpublisher=\count455
\c@language=\count456
\c@savedlanguage=\count457
\c@origlanguage=\count458
\c@savedoriglanguage=\count459
\c@pageref=\count460
\c@savedpageref=\count461
\shorthandwidth=\skip71
\shortjournalwidth=\skip72
\shortserieswidth=\skip73
\shorttitlewidth=\skip74
\shortauthorwidth=\skip75
\shorteditorwidth=\skip76
\locallabelnumberwidth=\skip77
\locallabelalphawidth=\skip78
\localshorthandwidth=\skip79
\localshortjournalwidth=\skip80
\localshortserieswidth=\skip81
\localshorttitlewidth=\skip82
\localshortauthorwidth=\skip83
\localshorteditorwidth=\skip84
Package biblatex Info: Trying to load compatibility code...
Package biblatex Info: ... file 'blx-compat.def' found.
 (d:/texlive/2022/texmf-dist/tex/latex/biblatex/blx-compat.def
File: blx-compat.def 2022/07/12 v3.18b biblatex compatibility (PK/MW)
)
Package biblatex Info: Trying to load generic definitions...
Package biblatex Info: ... file 'biblatex.def' found.
 (d:/texlive/2022/texmf-dist/tex/latex/biblatex/biblatex.def
File: biblatex.def 2022/07/12 v3.18b biblatex compatibility (PK/MW)
\c@textcitecount=\count462
\c@textcitetotal=\count463
\c@textcitemaxnames=\count464
\c@biburlbigbreakpenalty=\count465
\c@biburlbreakpenalty=\count466
\c@biburlnumpenalty=\count467
\c@biburlucpenalty=\count468
\c@biburllcpenalty=\count469
\biburlbigskip=\muskip18
\biburlnumskip=\muskip19
\biburlucskip=\muskip20
\biburllcskip=\muskip21
\c@smartand=\count470
)
Package biblatex Info: Trying to load bibliography style 'numeric'...
Package biblatex Info: ... file 'numeric.bbx' found.
 (d:/texlive/2022/texmf-dist/tex/latex/biblatex/bbx/numeric.bbx
File: numeric.bbx 2022/07/12 v3.18b biblatex bibliography style (PK/MW)
Package biblatex Info: Trying to load bibliography style 'standard'...
Package biblatex Info: ... file 'standard.bbx' found.
 (d:/texlive/2022/texmf-dist/tex/latex/biblatex/bbx/standard.bbx
File: standard.bbx 2022/07/12 v3.18b biblatex bibliography style (PK/MW)
\c@bbx:relatedcount=\count471
\c@bbx:relatedtotal=\count472
))
Package biblatex Info: Trying to load citation style 'authoryear'...
Package biblatex Info: ... file 'authoryear.cbx' found.
 (d:/texlive/2022/texmf-dist/tex/latex/biblatex/cbx/authoryear.cbx
File: authoryear.cbx 2022/07/12 v3.18b biblatex citation style (PK/MW)
Package biblatex Info: Redefining '\cite'.
Package biblatex Info: Redefining '\parencite'.
Package biblatex Info: Redefining '\footcite'.
Package biblatex Info: Redefining '\footcitetext'.
Package biblatex Info: Redefining '\smartcite'.
Package biblatex Info: Redefining '\textcite'.
Package biblatex Info: Redefining '\textcites'.
)
Package biblatex Info: Trying to load configuration file...
Package biblatex Info: ... file 'biblatex.cfg' found.
 (d:/texlive/2022/texmf-dist/tex/latex/biblatex/biblatex.cfg
File: biblatex.cfg 
)
Package biblatex Info: Input encoding 'utf8' detected.
Package biblatex Info: Document encoding is UTF8 ....
Package biblatex Info: ... and expl3
(biblatex)             2022-08-30 L3 programming layer (loader) 
(biblatex)             is new enough (at least 2020/04/06),
(biblatex)             setting 'casechanger=expl3'.
 (d:/texlive/2022/texmf-dist/tex/latex/biblatex/blx-case-expl3.sty (d:/texlive/2022/texmf-dist/tex/latex/l3packages/xparse/xparse.sty
Package: xparse 2022-06-22 L3 Experimental document command parser
)
Package: blx-case-expl3 2022/07/12 v3.18b expl3 case changing code for biblatex
)) (d:/texlive/2022/texmf-dist/tex/latex/pgf/frontendlayer/tikz.sty (d:/texlive/2022/texmf-dist/tex/latex/pgf/basiclayer/pgf.sty (d:/texlive/2022/texmf-dist/tex/latex/pgf/utilities/pgfrcs.sty (d:/texlive/2022/texmf-dist/tex/generic/pgf/utilities/pgfutil-common.tex
\pgfutil@everybye=\toks32
\pgfutil@tempdima=\dimen258
\pgfutil@tempdimb=\dimen259
 (d:/texlive/2022/texmf-dist/tex/generic/pgf/utilities/pgfutil-common-lists.tex)) (d:/texlive/2022/texmf-dist/tex/generic/pgf/utilities/pgfutil-latex.def
\pgfutil@abb=\box104
) (d:/texlive/2022/texmf-dist/tex/generic/pgf/utilities/pgfrcs.code.tex (d:/texlive/2022/texmf-dist/tex/generic/pgf/pgf.revision.tex)
Package: pgfrcs 2021/05/15 v3.1.9a (3.1.9a)
))
Package: pgf 2021/05/15 v3.1.9a (3.1.9a)
 (d:/texlive/2022/texmf-dist/tex/latex/pgf/basiclayer/pgfcore.sty (d:/texlive/2022/texmf-dist/tex/latex/pgf/systemlayer/pgfsys.sty (d:/texlive/2022/texmf-dist/tex/generic/pgf/systemlayer/pgfsys.code.tex
Package: pgfsys 2021/05/15 v3.1.9a (3.1.9a)
 (d:/texlive/2022/texmf-dist/tex/generic/pgf/utilities/pgfkeys.code.tex
\pgfkeys@pathtoks=\toks33
\pgfkeys@temptoks=\toks34
 (d:/texlive/2022/texmf-dist/tex/generic/pgf/utilities/pgfkeysfiltered.code.tex
\pgfkeys@tmptoks=\toks35
))
\pgf@x=\dimen260
\pgf@y=\dimen261
\pgf@xa=\dimen262
\pgf@ya=\dimen263
\pgf@xb=\dimen264
\pgf@yb=\dimen265
\pgf@xc=\dimen266
\pgf@yc=\dimen267
\pgf@xd=\dimen268
\pgf@yd=\dimen269
\w@pgf@writea=\write6
\r@pgf@reada=\read4
\c@pgf@counta=\count473
\c@pgf@countb=\count474
\c@pgf@countc=\count475
\c@pgf@countd=\count476
\t@pgf@toka=\toks36
\t@pgf@tokb=\toks37
\t@pgf@tokc=\toks38
\pgf@sys@id@count=\count477
 (d:/texlive/2022/texmf-dist/tex/generic/pgf/systemlayer/pgf.cfg
File: pgf.cfg 2021/05/15 v3.1.9a (3.1.9a)
)
Driver file for pgf: pgfsys-pdftex.def
 (d:/texlive/2022/texmf-dist/tex/generic/pgf/systemlayer/pgfsys-pdftex.def
File: pgfsys-pdftex.def 2021/05/15 v3.1.9a (3.1.9a)
 (d:/texlive/2022/texmf-dist/tex/generic/pgf/systemlayer/pgfsys-common-pdf.def
File: pgfsys-common-pdf.def 2021/05/15 v3.1.9a (3.1.9a)
))) (d:/texlive/2022/texmf-dist/tex/generic/pgf/systemlayer/pgfsyssoftpath.code.tex
File: pgfsyssoftpath.code.tex 2021/05/15 v3.1.9a (3.1.9a)
\pgfsyssoftpath@smallbuffer@items=\count478
\pgfsyssoftpath@bigbuffer@items=\count479
) (d:/texlive/2022/texmf-dist/tex/generic/pgf/systemlayer/pgfsysprotocol.code.tex
File: pgfsysprotocol.code.tex 2021/05/15 v3.1.9a (3.1.9a)
)) (d:/texlive/2022/texmf-dist/tex/generic/pgf/basiclayer/pgfcore.code.tex
Package: pgfcore 2021/05/15 v3.1.9a (3.1.9a)
 (d:/texlive/2022/texmf-dist/tex/generic/pgf/math/pgfmath.code.tex (d:/texlive/2022/texmf-dist/tex/generic/pgf/math/pgfmathcalc.code.tex (d:/texlive/2022/texmf-dist/tex/generic/pgf/math/pgfmathutil.code.tex) (d:/texlive/2022/texmf-dist/tex/generic/pgf/math/pgfmathparser.code.tex
\pgfmath@dimen=\dimen270
\pgfmath@count=\count480
\pgfmath@box=\box105
\pgfmath@toks=\toks39
\pgfmath@stack@operand=\toks40
\pgfmath@stack@operation=\toks41
) (d:/texlive/2022/texmf-dist/tex/generic/pgf/math/pgfmathfunctions.code.tex (d:/texlive/2022/texmf-dist/tex/generic/pgf/math/pgfmathfunctions.basic.code.tex) (d:/texlive/2022/texmf-dist/tex/generic/pgf/math/pgfmathfunctions.trigonometric.code.tex) (d:/texlive/2022/texmf-dist/tex/generic/pgf/math/pgfmathfunctions.random.code.tex) (d:/texlive/2022/texmf-dist/tex/generic/pgf/math/pgfmathfunctions.comparison.code.tex) (d:/texlive/2022/texmf-dist/tex/generic/pgf/math/pgfmathfunctions.base.code.tex) (d:/texlive/2022/texmf-dist/tex/generic/pgf/math/pgfmathfunctions.round.code.tex) (d:/texlive/2022/texmf-dist/tex/generic/pgf/math/pgfmathfunctions.misc.code.tex) (d:/texlive/2022/texmf-dist/tex/generic/pgf/math/pgfmathfunctions.integerarithmetics.code.tex))) (d:/texlive/2022/texmf-dist/tex/generic/pgf/math/pgfmathfloat.code.tex
\c@pgfmathroundto@lastzeros=\count481
)) (d:/texlive/2022/texmf-dist/tex/generic/pgf/math/pgfint.code.tex) (d:/texlive/2022/texmf-dist/tex/generic/pgf/basiclayer/pgfcorepoints.code.tex
File: pgfcorepoints.code.tex 2021/05/15 v3.1.9a (3.1.9a)
\pgf@picminx=\dimen271
\pgf@picmaxx=\dimen272
\pgf@picminy=\dimen273
\pgf@picmaxy=\dimen274
\pgf@pathminx=\dimen275
\pgf@pathmaxx=\dimen276
\pgf@pathminy=\dimen277
\pgf@pathmaxy=\dimen278
\pgf@xx=\dimen279
\pgf@xy=\dimen280
\pgf@yx=\dimen281
\pgf@yy=\dimen282
\pgf@zx=\dimen283
\pgf@zy=\dimen284
) (d:/texlive/2022/texmf-dist/tex/generic/pgf/basiclayer/pgfcorepathconstruct.code.tex
File: pgfcorepathconstruct.code.tex 2021/05/15 v3.1.9a (3.1.9a)
\pgf@path@lastx=\dimen285
\pgf@path@lasty=\dimen286
) (d:/texlive/2022/texmf-dist/tex/generic/pgf/basiclayer/pgfcorepathusage.code.tex
File: pgfcorepathusage.code.tex 2021/05/15 v3.1.9a (3.1.9a)
\pgf@shorten@end@additional=\dimen287
\pgf@shorten@start@additional=\dimen288
) (d:/texlive/2022/texmf-dist/tex/generic/pgf/basiclayer/pgfcorescopes.code.tex
File: pgfcorescopes.code.tex 2021/05/15 v3.1.9a (3.1.9a)
\pgfpic=\box106
\pgf@hbox=\box107
\pgf@layerbox@main=\box108
\pgf@picture@serial@count=\count482
) (d:/texlive/2022/texmf-dist/tex/generic/pgf/basiclayer/pgfcoregraphicstate.code.tex
File: pgfcoregraphicstate.code.tex 2021/05/15 v3.1.9a (3.1.9a)
\pgflinewidth=\dimen289
) (d:/texlive/2022/texmf-dist/tex/generic/pgf/basiclayer/pgfcoretransformations.code.tex
File: pgfcoretransformations.code.tex 2021/05/15 v3.1.9a (3.1.9a)
\pgf@pt@x=\dimen290
\pgf@pt@y=\dimen291
\pgf@pt@temp=\dimen292
) (d:/texlive/2022/texmf-dist/tex/generic/pgf/basiclayer/pgfcorequick.code.tex
File: pgfcorequick.code.tex 2021/05/15 v3.1.9a (3.1.9a)
) (d:/texlive/2022/texmf-dist/tex/generic/pgf/basiclayer/pgfcoreobjects.code.tex
File: pgfcoreobjects.code.tex 2021/05/15 v3.1.9a (3.1.9a)
) (d:/texlive/2022/texmf-dist/tex/generic/pgf/basiclayer/pgfcorepathprocessing.code.tex
File: pgfcorepathprocessing.code.tex 2021/05/15 v3.1.9a (3.1.9a)
) (d:/texlive/2022/texmf-dist/tex/generic/pgf/basiclayer/pgfcorearrows.code.tex
File: pgfcorearrows.code.tex 2021/05/15 v3.1.9a (3.1.9a)
\pgfarrowsep=\dimen293
) (d:/texlive/2022/texmf-dist/tex/generic/pgf/basiclayer/pgfcoreshade.code.tex
File: pgfcoreshade.code.tex 2021/05/15 v3.1.9a (3.1.9a)
\pgf@max=\dimen294
\pgf@sys@shading@range@num=\count483
\pgf@shadingcount=\count484
) (d:/texlive/2022/texmf-dist/tex/generic/pgf/basiclayer/pgfcoreimage.code.tex
File: pgfcoreimage.code.tex 2021/05/15 v3.1.9a (3.1.9a)
 (d:/texlive/2022/texmf-dist/tex/generic/pgf/basiclayer/pgfcoreexternal.code.tex
File: pgfcoreexternal.code.tex 2021/05/15 v3.1.9a (3.1.9a)
\pgfexternal@startupbox=\box109
)) (d:/texlive/2022/texmf-dist/tex/generic/pgf/basiclayer/pgfcorelayers.code.tex
File: pgfcorelayers.code.tex 2021/05/15 v3.1.9a (3.1.9a)
) (d:/texlive/2022/texmf-dist/tex/generic/pgf/basiclayer/pgfcoretransparency.code.tex
File: pgfcoretransparency.code.tex 2021/05/15 v3.1.9a (3.1.9a)
) (d:/texlive/2022/texmf-dist/tex/generic/pgf/basiclayer/pgfcorepatterns.code.tex
File: pgfcorepatterns.code.tex 2021/05/15 v3.1.9a (3.1.9a)
) (d:/texlive/2022/texmf-dist/tex/generic/pgf/basiclayer/pgfcorerdf.code.tex
File: pgfcorerdf.code.tex 2021/05/15 v3.1.9a (3.1.9a)
))) (d:/texlive/2022/texmf-dist/tex/generic/pgf/modules/pgfmoduleshapes.code.tex
File: pgfmoduleshapes.code.tex 2021/05/15 v3.1.9a (3.1.9a)
\pgfnodeparttextbox=\box110
) (d:/texlive/2022/texmf-dist/tex/generic/pgf/modules/pgfmoduleplot.code.tex
File: pgfmoduleplot.code.tex 2021/05/15 v3.1.9a (3.1.9a)
) (d:/texlive/2022/texmf-dist/tex/latex/pgf/compatibility/pgfcomp-version-0-65.sty
Package: pgfcomp-version-0-65 2021/05/15 v3.1.9a (3.1.9a)
\pgf@nodesepstart=\dimen295
\pgf@nodesepend=\dimen296
) (d:/texlive/2022/texmf-dist/tex/latex/pgf/compatibility/pgfcomp-version-1-18.sty
Package: pgfcomp-version-1-18 2021/05/15 v3.1.9a (3.1.9a)
)) (d:/texlive/2022/texmf-dist/tex/latex/pgf/utilities/pgffor.sty (d:/texlive/2022/texmf-dist/tex/latex/pgf/utilities/pgfkeys.sty (d:/texlive/2022/texmf-dist/tex/generic/pgf/utilities/pgfkeys.code.tex)) (d:/texlive/2022/texmf-dist/tex/latex/pgf/math/pgfmath.sty (d:/texlive/2022/texmf-dist/tex/generic/pgf/math/pgfmath.code.tex)) (d:/texlive/2022/texmf-dist/tex/generic/pgf/utilities/pgffor.code.tex
Package: pgffor 2021/05/15 v3.1.9a (3.1.9a)
 (d:/texlive/2022/texmf-dist/tex/generic/pgf/math/pgfmath.code.tex)
\pgffor@iter=\dimen297
\pgffor@skip=\dimen298
\pgffor@stack=\toks42
\pgffor@toks=\toks43
)) (d:/texlive/2022/texmf-dist/tex/generic/pgf/frontendlayer/tikz/tikz.code.tex
Package: tikz 2021/05/15 v3.1.9a (3.1.9a)
 (d:/texlive/2022/texmf-dist/tex/generic/pgf/libraries/pgflibraryplothandlers.code.tex
File: pgflibraryplothandlers.code.tex 2021/05/15 v3.1.9a (3.1.9a)
\pgf@plot@mark@count=\count485
\pgfplotmarksize=\dimen299
)
\tikz@lastx=\dimen300
\tikz@lasty=\dimen301
\tikz@lastxsaved=\dimen302
\tikz@lastysaved=\dimen303
\tikz@lastmovetox=\dimen304
\tikz@lastmovetoy=\dimen305
\tikzleveldistance=\dimen306
\tikzsiblingdistance=\dimen307
\tikz@figbox=\box111
\tikz@figbox@bg=\box112
\tikz@tempbox=\box113
\tikz@tempbox@bg=\box114
\tikztreelevel=\count486
\tikznumberofchildren=\count487
\tikznumberofcurrentchild=\count488
\tikz@fig@count=\count489
 (d:/texlive/2022/texmf-dist/tex/generic/pgf/modules/pgfmodulematrix.code.tex
File: pgfmodulematrix.code.tex 2021/05/15 v3.1.9a (3.1.9a)
\pgfmatrixcurrentrow=\count490
\pgfmatrixcurrentcolumn=\count491
\pgf@matrix@numberofcolumns=\count492
)
\tikz@expandcount=\count493
 (d:/texlive/2022/texmf-dist/tex/generic/pgf/frontendlayer/tikz/libraries/tikzlibrarytopaths.code.tex
File: tikzlibrarytopaths.code.tex 2021/05/15 v3.1.9a (3.1.9a)
))) (d:/texlive/2022/texmf-dist/tex/generic/pgf/frontendlayer/tikz/libraries/tikzlibrarybackgrounds.code.tex
File: tikzlibrarybackgrounds.code.tex 2021/05/15 v3.1.9a (3.1.9a)
\pgf@layerbox@background=\box115
\pgf@layerboxsaved@background=\box116
) (d:/texlive/2022/texmf-dist/tex/generic/pgf/frontendlayer/tikz/libraries/tikzlibrarycalc.code.tex
File: tikzlibrarycalc.code.tex 2021/05/15 v3.1.9a (3.1.9a)
) (d:/texlive/2022/texmf-dist/tex/generic/pgf/frontendlayer/tikz/libraries/tikzlibraryshadows.code.tex
File: tikzlibraryshadows.code.tex 2021/05/15 v3.1.9a (3.1.9a)
 (d:/texlive/2022/texmf-dist/tex/generic/pgf/frontendlayer/tikz/libraries/tikzlibraryfadings.code.tex
File: tikzlibraryfadings.code.tex 2021/05/15 v3.1.9a (3.1.9a)
 (d:/texlive/2022/texmf-dist/tex/generic/pgf/libraries/pgflibraryfadings.code.tex
File: pgflibraryfadings.code.tex 2021/05/15 v3.1.9a (3.1.9a)
))) (d:/texlive/2022/texmf-dist/tex/generic/pgf/frontendlayer/tikz/libraries/tikzlibrarypositioning.code.tex
File: tikzlibrarypositioning.code.tex 2021/05/15 v3.1.9a (3.1.9a)
) (d:/texlive/2022/texmf-dist/tex/generic/pgf/frontendlayer/tikz/libraries/tikzlibraryfit.code.tex
File: tikzlibraryfit.code.tex 2021/05/15 v3.1.9a (3.1.9a)
) (d:/texlive/2022/texmf-dist/tex/latex/apptools/apptools.sty
Package: apptools 2012/11/28 v1.0 Tools for customizing appendices
) (d:/texlive/2022/texmf-dist/tex/latex/psnfss/pifont.sty
Package: pifont 2020/03/25 PSNFSS-v9.3 Pi font support (SPQR) 
LaTeX Font Info:    Trying to load font information for U+pzd on input line 63.
 (d:/texlive/2022/texmf-dist/tex/latex/psnfss/upzd.fd
File: upzd.fd 2001/06/04 font definitions for U/pzd.
)
LaTeX Font Info:    Trying to load font information for U+psy on input line 64.
 (d:/texlive/2022/texmf-dist/tex/latex/psnfss/upsy.fd
File: upsy.fd 2001/06/04 font definitions for U/psy.
)) (d:/texlive/2022/texmf-dist/tex/latex/manfnt/manfnt.sty
Package: manfnt 1999/07/010.2LaTeX2e manfnt package
\dbend@height=\skip85
) (d:/texlive/2022/texmf-dist/tex/latex/bbding/bbding.sty
Package: bbding 1999/04/15 v1.01 Dingbats symbols
) (d:/texlive/2022/texmf-dist/tex/latex/tcolorbox/tcolorbox.sty
Package: tcolorbox 2022/06/24 version 5.1.1 text color boxes
 (d:/texlive/2022/texmf-dist/tex/latex/tools/verbatim.sty
Package: verbatim 2020-07-07 v1.5u LaTeX2e package for verbatim enhancements
\every@verbatim=\toks44
\verbatim@line=\toks45
\verbatim@in@stream=\read5
) (d:/texlive/2022/texmf-dist/tex/latex/environ/environ.sty
Package: environ 2014/05/04 v0.3 A new way to define environments
 (d:/texlive/2022/texmf-dist/tex/latex/trimspaces/trimspaces.sty
Package: trimspaces 2009/09/17 v1.1 Trim spaces around a token list
))
\tcb@titlebox=\box117
\tcb@upperbox=\box118
\tcb@lowerbox=\box119
\tcb@phantombox=\box120
\c@tcbbreakpart=\count494
\c@tcblayer=\count495
\c@tcolorbox@number=\count496
\tcb@temp=\box121
\tcb@temp=\box122
\tcb@temp=\box123
\tcb@temp=\box124
 (d:/texlive/2022/texmf-dist/tex/latex/tcolorbox/tcbraster.code.tex
Library (tcolorbox): 'tcbraster.code.tex' version '5.1.1'
\c@tcbrastercolumn=\count497
\c@tcbrasterrow=\count498
\c@tcbrasternum=\count499
\c@tcbraster=\count500
) (d:/texlive/2022/texmf-dist/tex/latex/tcolorbox/tcbskins.code.tex
Library (tcolorbox): 'tcbskins.code.tex' version '5.1.1'
\tcb@waterbox=\box125
(d:/texlive/2022/texmf-dist/tex/latex/tcolorbox/tcbskinsjigsaw.code.tex
Library (tcolorbox): 'tcbskinsjigsaw.code.tex' version '5.1.1'
)) (d:/texlive/2022/texmf-dist/tex/latex/tcolorbox/tcbbreakable.code.tex
Library (tcolorbox): 'tcbbreakable.code.tex' version '5.1.1'
(d:/texlive/2022/texmf-dist/tex/generic/oberdiek/pdfcol.sty
Package: pdfcol 2019/12/29 v1.6 Handle new color stacks for pdfTeX (HO)
)
Package pdfcol Info: New color stack `tcb@breakable' = 1 on input line 23.
\tcb@testbox=\box126
\tcb@totalupperbox=\box127
\tcb@totallowerbox=\box128
) (d:/texlive/2022/texmf-dist/tex/latex/tcolorbox/tcbhooks.code.tex
Library (tcolorbox): 'tcbhooks.code.tex' version '5.1.1'
) (d:/texlive/2022/texmf-dist/tex/latex/tcolorbox/tcbtheorems.code.tex
Library (tcolorbox): 'tcbtheorems.code.tex' version '5.1.1'
) (d:/texlive/2022/texmf-dist/tex/latex/tcolorbox/tcbfitting.code.tex
Library (tcolorbox): 'tcbfitting.code.tex' version '5.1.1'
\tcbfitdim=\dimen308
\tcb@lowerfitdim=\dimen309
\tcb@upperfitdim=\dimen310
\tcb@cur@hbadness=\count501
))
\c@tcb@cnt@definition=\count502
\c@tcb@cnt@theorem=\count503
\c@tcb@cnt@postulate=\count504
\c@tcb@cnt@axiom=\count505
\c@tcb@cnt@corollary=\count506
\c@tcb@cnt@lemma=\count507
\c@tcb@cnt@proposition=\count508
\c@exam=\count509
\c@exer=\count510
\c@prob=\count511
 (d:/texlive/2022/texmf-dist/tex/latex/adforn/adforn.sty
Package: adforn 2019/10/13 v1.1b adforn CFR
LaTeX Font Info:    Trying to load font information for U+OrnementsADF on input line 4.
 (d:/texlive/2022/texmf-dist/tex/latex/adforn/uornementsadf.fd)) (d:/texlive/2022/texmf-dist/tex/latex/fancyhdr/fancyhdr.sty
Package: fancyhdr 2022/05/18 v4.0.3 Extensive control of page headers and footers
\f@nch@headwidth=\skip86
\f@nch@O@elh=\skip87
\f@nch@O@erh=\skip88
\f@nch@O@olh=\skip89
\f@nch@O@orh=\skip90
\f@nch@O@elf=\skip91
\f@nch@O@erf=\skip92
\f@nch@O@olf=\skip93
\f@nch@O@orf=\skip94
) (d:/texlive/2022/texmf-dist/tex/latex/listings/listings.sty
\lst@mode=\count512
\lst@gtempboxa=\box129
\lst@token=\toks46
\lst@length=\count513
\lst@currlwidth=\dimen311
\lst@column=\count514
\lst@pos=\count515
\lst@lostspace=\dimen312
\lst@width=\dimen313
\lst@newlines=\count516
\lst@lineno=\count517
\lst@maxwidth=\dimen314
 (d:/texlive/2022/texmf-dist/tex/latex/listings/lstmisc.sty
File: lstmisc.sty 2020/03/24 1.8d (Carsten Heinz)
\c@lstnumber=\count518
\lst@skipnumbers=\count519
\lst@framebox=\box130
) (d:/texlive/2022/texmf-dist/tex/latex/listings/listings.cfg
File: listings.cfg 2020/03/24 1.8d listings configuration
))
Package: listings 2020/03/24 1.8d (Carsten Heinz)
 (d:/texlive/2022/texmf-dist/tex/latex/listings/lstlang1.sty
File: lstlang1.sty 2020/03/24 1.8d listings language file
) (d:/texlive/2022/texmf-dist/tex/latex/listings/lstlang2.sty
File: lstlang2.sty 2020/03/24 1.8d listings language file
) (d:/texlive/2022/texmf-dist/tex/latex/listings/lstlang3.sty
File: lstlang3.sty 2020/03/24 1.8d listings language file
) (d:/texlive/2022/texmf-dist/tex/latex/listings/lstlang1.sty
File: lstlang1.sty 2020/03/24 1.8d listings language file
) (d:/texlive/2022/texmf-dist/tex/latex/listings/lstlang2.sty
File: lstlang2.sty 2020/03/24 1.8d listings language file
) (d:/texlive/2022/texmf-dist/tex/latex/listings/lstlang3.sty
File: lstlang3.sty 2020/03/24 1.8d listings language file
) (d:/texlive/2022/texmf-dist/tex/latex/listings/lstlang1.sty
File: lstlang1.sty 2020/03/24 1.8d listings language file
) (d:/texlive/2022/texmf-dist/tex/latex/listings/lstlang2.sty
File: lstlang2.sty 2020/03/24 1.8d listings language file
) (d:/texlive/2022/texmf-dist/tex/latex/listings/lstlang3.sty
File: lstlang3.sty 2020/03/24 1.8d listings language file
) (d:/texlive/2022/texmf-dist/tex/latex/listings/lstmisc.sty
File: lstmisc.sty 2020/03/24 1.8d (Carsten Heinz)
) (d:/texlive/2022/texmf-dist/tex/latex/tools/bm.sty
Package: bm 2022/01/05 v1.2f Bold Symbol Support (DPC/FMi)
Package bm Info: No bold for \OMX/cmex/m/n, using \pmb.
Package bm Info: No bold for \U/rsfs/m/n, using \pmb.
Package bm Info: No bold for \U/msa/m/n, using \pmb.
Package bm Info: No bold for \U/msb/m/n, using \pmb.
) (d:/texlive/2022/texmf-dist/tex/latex/tools/calc.sty
Package: calc 2017/05/25 v4.3 Infix arithmetic (KKT,FJ)
\calc@Acount=\count520
\calc@Bcount=\count521
\calc@Adimen=\dimen315
\calc@Bdimen=\dimen316
\calc@Askip=\skip95
\calc@Bskip=\skip96
LaTeX Info: Redefining \setlength on input line 80.
LaTeX Info: Redefining \addtolength on input line 81.
\calc@Ccount=\count522
\calc@Cskip=\skip97
) (d:/texlive/2022/texmf-dist/tex/latex/tocloft/tocloft.sty
Package: tocloft 2017/08/31 v2.3i parameterised ToC, etc., typesetting
Package tocloft Info: The document has chapter divisions on input line 51.
\cftparskip=\skip98
\cftbeforetoctitleskip=\skip99
\cftaftertoctitleskip=\skip100
\cftbeforepartskip=\skip101
\cftpartnumwidth=\skip102
\cftpartindent=\skip103
\cftbeforechapskip=\skip104
\cftchapindent=\skip105
\cftchapnumwidth=\skip106
\cftbeforesecskip=\skip107
\cftsecindent=\skip108
\cftsecnumwidth=\skip109
\cftbeforesubsecskip=\skip110
\cftsubsecindent=\skip111
\cftsubsecnumwidth=\skip112
\cftbeforesubsubsecskip=\skip113
\cftsubsubsecindent=\skip114
\cftsubsubsecnumwidth=\skip115
\cftbeforeparaskip=\skip116
\cftparaindent=\skip117
\cftparanumwidth=\skip118
\cftbeforesubparaskip=\skip119
\cftsubparaindent=\skip120
\cftsubparanumwidth=\skip121
\cftbeforeloftitleskip=\skip122
\cftafterloftitleskip=\skip123
\cftbeforefigskip=\skip124
\cftfigindent=\skip125
\cftfignumwidth=\skip126
\c@lofdepth=\count523
\c@lotdepth=\count524
\cftbeforelottitleskip=\skip127
\cftafterlottitleskip=\skip128
\cftbeforetabskip=\skip129
\cfttabindent=\skip130
\cfttabnumwidth=\skip131
)) (d:/texlive/2022/texmf-dist/tex/latex/amscls/amsthm.sty
Package: amsthm 2020/05/29 v2.20.6
\thm@style=\toks47
\thm@bodyfont=\toks48
\thm@headfont=\toks49
\thm@notefont=\toks50
\thm@headpunct=\toks51
\thm@preskip=\skip132
\thm@postskip=\skip133
\thm@headsep=\skip134
\dth@everypar=\toks52
) (d:/texlive/2022/texmf-dist/tex/latex/cjk/texinput/CJKutf8.sty
Package: CJKutf8 2021/10/16 4.8.5
 (d:/texlive/2022/texmf-dist/tex/generic/iftex/ifpdf.sty
Package: ifpdf 2019/10/25 v3.4 ifpdf legacy package. Use iftex instead.
) (d:/texlive/2022/texmf-dist/tex/latex/base/inputenc.sty
Package: inputenc 2021/02/14 v1.3d Input encoding file
\inpenc@prehook=\toks53
\inpenc@posthook=\toks54
) (d:/texlive/2022/texmf-dist/tex/latex/cjk/texinput/CJK.sty
Package: CJK 2021/10/16 4.8.5
 (d:/texlive/2022/texmf-dist/tex/latex/cjk/texinput/mule/MULEenc.sty
Package: MULEenc 2021/10/16 4.8.5
) (d:/texlive/2022/texmf-dist/tex/latex/cjk/texinput/CJK.enc
File: CJK.enc 2021/10/16 4.8.5
Now handling font encoding C00 ...
... no UTF-8 mapping file for font encoding C00
Now handling font encoding C05 ...
... no UTF-8 mapping file for font encoding C05
Now handling font encoding C09 ...
... no UTF-8 mapping file for font encoding C09
Now handling font encoding C10 ...
... no UTF-8 mapping file for font encoding C10
Now handling font encoding C20 ...
... no UTF-8 mapping file for font encoding C20
Now handling font encoding C19 ...
... no UTF-8 mapping file for font encoding C19
Now handling font encoding C40 ...
... no UTF-8 mapping file for font encoding C40
Now handling font encoding C42 ...
... no UTF-8 mapping file for font encoding C42
Now handling font encoding C43 ...
... no UTF-8 mapping file for font encoding C43
Now handling font encoding C50 ...
... no UTF-8 mapping file for font encoding C50
Now handling font encoding C52 ...
... no UTF-8 mapping file for font encoding C52
Now handling font encoding C49 ...
... no UTF-8 mapping file for font encoding C49
Now handling font encoding C60 ...
... no UTF-8 mapping file for font encoding C60
Now handling font encoding C61 ...
... no UTF-8 mapping file for font encoding C61
Now handling font encoding C63 ...
... no UTF-8 mapping file for font encoding C63
Now handling font encoding C64 ...
... no UTF-8 mapping file for font encoding C64
Now handling font encoding C65 ...
... no UTF-8 mapping file for font encoding C65
Now handling font encoding C70 ...
... no UTF-8 mapping file for font encoding C70
Now handling font encoding C31 ...
... no UTF-8 mapping file for font encoding C31
Now handling font encoding C32 ...
... no UTF-8 mapping file for font encoding C32
Now handling font encoding C33 ...
... no UTF-8 mapping file for font encoding C33
Now handling font encoding C34 ...
... no UTF-8 mapping file for font encoding C34
Now handling font encoding C35 ...
... no UTF-8 mapping file for font encoding C35
Now handling font encoding C36 ...
... no UTF-8 mapping file for font encoding C36
Now handling font encoding C37 ...
... no UTF-8 mapping file for font encoding C37
Now handling font encoding C80 ...
... no UTF-8 mapping file for font encoding C80
Now handling font encoding C81 ...
... no UTF-8 mapping file for font encoding C81
Now handling font encoding C01 ...
... no UTF-8 mapping file for font encoding C01
Now handling font encoding C11 ...
... no UTF-8 mapping file for font encoding C11
Now handling font encoding C21 ...
... no UTF-8 mapping file for font encoding C21
Now handling font encoding C41 ...
... no UTF-8 mapping file for font encoding C41
Now handling font encoding C62 ...
... no UTF-8 mapping file for font encoding C62
)
\CJK@indent=\box131
) (d:/texlive/2022/texmf-dist/tex/latex/base/fontenc.sty
Package: fontenc 2021/04/29 v2.0v Standard LaTeX package
LaTeX Font Info:    Trying to load font information for OT1+minntx on input line 112.
 (d:/texlive/2022/texmf-dist/tex/latex/newtx/ot1minntx.fd
File: ot1minntx.fd 2022/01/20 v1.0 font definition file for OT1/minntx
))) (d:/texlive/2022/texmf-dist/tex/latex/doublestroke/dsfont.sty
Package: dsfont 1995/08/01 v0.1 Double stroke roman fonts
) (d:/texlive/2022/texmf-dist/tex/latex/extarrows/extarrows.sty
Package: extarrows 2020/03/12 v1.2.0 Some extensible arrows
) (d:/texlive/2022/texmf-dist/tex/latex/tzplot/tzplot.sty
Package: tzplot 2022/02/28 v2.0 Plot Graphs with TikZ Abbreviations
 (d:/texlive/2022/texmf-dist/tex/generic/pgf/frontendlayer/tikz/libraries/tikzlibraryarrows.code.tex
File: tikzlibraryarrows.code.tex 2021/05/15 v3.1.9a (3.1.9a)
 (d:/texlive/2022/texmf-dist/tex/generic/pgf/libraries/pgflibraryarrows.code.tex
File: pgflibraryarrows.code.tex 2021/05/15 v3.1.9a (3.1.9a)
\arrowsize=\dimen317
)) (d:/texlive/2022/texmf-dist/tex/generic/pgf/frontendlayer/tikz/libraries/tikzlibrarydecorations.pathreplacing.code.tex (d:/texlive/2022/texmf-dist/tex/generic/pgf/frontendlayer/tikz/libraries/tikzlibrarydecorations.code.tex (d:/texlive/2022/texmf-dist/tex/generic/pgf/modules/pgfmoduledecorations.code.tex
\pgfdecoratedcompleteddistance=\dimen318
\pgfdecoratedremainingdistance=\dimen319
\pgfdecoratedinputsegmentcompleteddistance=\dimen320
\pgfdecoratedinputsegmentremainingdistance=\dimen321
\pgf@decorate@distancetomove=\dimen322
\pgf@decorate@repeatstate=\count525
\pgfdecorationsegmentamplitude=\dimen323
\pgfdecorationsegmentlength=\dimen324
)
\tikz@lib@dec@box=\box132
) (d:/texlive/2022/texmf-dist/tex/generic/pgf/libraries/decorations/pgflibrarydecorations.pathreplacing.code.tex)) (d:/texlive/2022/texmf-dist/tex/latex/spath3/tikzlibrarycalligraphy.code.tex (d:/texlive/2022/texmf-dist/tex/latex/spath3/spath3.sty
Package: spath3 2021/02/21 v2.4 Functions for manipulating PGF soft paths
\g__spath_output_int=\count526
\l__spath_tmpa_dim=\dimen325
\l__spath_tmpb_dim=\dimen326
\l__spath_tmpa_int=\count527
\l__spath_tmpb_int=\count528
\l__spath_move_x_dim=\dimen327
\l__spath_move_y_dim=\dimen328
\g__spath_anon_int=\count529
)
\l__cal_tmpa_int=\count530
\l__cal_tmpb_int=\count531
\g__cal_path_component_int=\count532
\g__cal_label_int=\count533
\l__cal_tmpa_dim=\dimen329
\l__cal_tmpb_dim=\dimen330
\l__cal_tmpc_dim=\dimen331
\l__cal_tmpd_dim=\dimen332
\l__cal_tmpe_dim=\dimen333
\l__cal_tmpf_dim=\dimen334
\l__cal_tmpg_dim=\dimen335
\l__cal_tmph_dim=\dimen336
\l__cal_taper_width_dim=\dimen337
\l__cal_line_width_dim=\dimen338
) (d:/texlive/2022/texmf-dist/tex/generic/pgf/frontendlayer/tikz/libraries/tikzlibraryintersections.code.tex (d:/texlive/2022/texmf-dist/tex/generic/pgf/libraries/pgflibraryintersections.code.tex (d:/texlive/2022/texmf-dist/tex/generic/pgf/libraries/pgflibraryfpu.code.tex)
\pgf@intersect@solutions=\count534
)) (d:/texlive/2022/texmf-dist/tex/generic/pgf/frontendlayer/tikz/libraries/tikzlibrarypatterns.code.tex
File: tikzlibrarypatterns.code.tex 2021/05/15 v3.1.9a (3.1.9a)
 (d:/texlive/2022/texmf-dist/tex/generic/pgf/libraries/pgflibrarypatterns.code.tex
File: pgflibrarypatterns.code.tex 2021/05/15 v3.1.9a (3.1.9a)
)) (d:/texlive/2022/texmf-dist/tex/generic/pgf/frontendlayer/tikz/libraries/tikzlibraryplotmarks.code.tex
File: tikzlibraryplotmarks.code.tex 2021/05/15 v3.1.9a (3.1.9a)
 (d:/texlive/2022/texmf-dist/tex/generic/pgf/libraries/pgflibraryplotmarks.code.tex
File: pgflibraryplotmarks.code.tex 2021/05/15 v3.1.9a (3.1.9a)
)) (d:/texlive/2022/texmf-dist/tex/generic/pgf/frontendlayer/tikz/libraries/tikzlibraryshapes.code.tex
File: tikzlibraryshapes.code.tex 2021/05/15 v3.1.9a (3.1.9a)
 (d:/texlive/2022/texmf-dist/tex/generic/pgf/frontendlayer/tikz/libraries/tikzlibraryshapes.geometric.code.tex
File: tikzlibraryshapes.geometric.code.tex 2021/05/15 v3.1.9a (3.1.9a)
 (d:/texlive/2022/texmf-dist/tex/generic/pgf/libraries/shapes/pgflibraryshapes.geometric.code.tex
File: pgflibraryshapes.geometric.code.tex 2021/05/15 v3.1.9a (3.1.9a)
)) (d:/texlive/2022/texmf-dist/tex/generic/pgf/frontendlayer/tikz/libraries/tikzlibraryshapes.misc.code.tex
File: tikzlibraryshapes.misc.code.tex 2021/05/15 v3.1.9a (3.1.9a)
 (d:/texlive/2022/texmf-dist/tex/generic/pgf/libraries/shapes/pgflibraryshapes.misc.code.tex
File: pgflibraryshapes.misc.code.tex 2021/05/15 v3.1.9a (3.1.9a)
)) (d:/texlive/2022/texmf-dist/tex/generic/pgf/frontendlayer/tikz/libraries/tikzlibraryshapes.symbols.code.tex
File: tikzlibraryshapes.symbols.code.tex 2021/05/15 v3.1.9a (3.1.9a)
 (d:/texlive/2022/texmf-dist/tex/generic/pgf/libraries/shapes/pgflibraryshapes.symbols.code.tex
File: pgflibraryshapes.symbols.code.tex 2021/05/15 v3.1.9a (3.1.9a)
)) (d:/texlive/2022/texmf-dist/tex/generic/pgf/frontendlayer/tikz/libraries/tikzlibraryshapes.arrows.code.tex
File: tikzlibraryshapes.arrows.code.tex 2021/05/15 v3.1.9a (3.1.9a)
 (d:/texlive/2022/texmf-dist/tex/generic/pgf/libraries/shapes/pgflibraryshapes.arrows.code.tex
File: pgflibraryshapes.arrows.code.tex 2021/05/15 v3.1.9a (3.1.9a)
)) (d:/texlive/2022/texmf-dist/tex/generic/pgf/frontendlayer/tikz/libraries/tikzlibraryshapes.callouts.code.tex (d:/texlive/2022/texmf-dist/tex/generic/pgf/libraries/shapes/pgflibraryshapes.callouts.code.tex)) (d:/texlive/2022/texmf-dist/tex/generic/pgf/frontendlayer/tikz/libraries/tikzlibraryshapes.multipart.code.tex
File: tikzlibraryshapes.multipart.code.tex 2021/05/15 v3.1.9a (3.1.9a)
 (d:/texlive/2022/texmf-dist/tex/generic/pgf/libraries/shapes/pgflibraryshapes.multipart.code.tex
File: pgflibraryshapes.multipart.code.tex 2021/05/15 v3.1.9a (3.1.9a)
\pgfnodepartlowerbox=\box133
\pgfnodeparttwobox=\box134
\pgfnodepartthreebox=\box135
\pgfnodepartfourbox=\box136
\pgfnodeparttwentybox=\box137
\pgfnodepartnineteenbox=\box138
\pgfnodeparteighteenbox=\box139
\pgfnodepartseventeenbox=\box140
\pgfnodepartsixteenbox=\box141
\pgfnodepartfifteenbox=\box142
\pgfnodepartfourteenbox=\box143
\pgfnodepartthirteenbox=\box144
\pgfnodeparttwelvebox=\box145
\pgfnodepartelevenbox=\box146
\pgfnodeparttenbox=\box147
\pgfnodepartninebox=\box148
\pgfnodeparteightbox=\box149
\pgfnodepartsevenbox=\box150
\pgfnodepartsixbox=\box151
\pgfnodepartfivebox=\box152
))) (d:/texlive/2022/texmf-dist/tex/generic/pgf/libraries/pgflibraryarrows.meta.code.tex
File: pgflibraryarrows.meta.code.tex 2021/05/15 v3.1.9a (3.1.9a)
\pgfarrowinset=\dimen339
\pgfarrowlength=\dimen340
\pgfarrowwidth=\dimen341
\pgfarrowlinewidth=\dimen342
) (d:/texlive/2022/texmf-dist/tex/generic/pgf/frontendlayer/tikz/libraries/tikzlibrarybending.code.tex
File: tikzlibrarybending.code.tex 2021/05/15 v3.1.9a (3.1.9a)
 (d:/texlive/2022/texmf-dist/tex/generic/pgf/modules/pgfmodulebending.code.tex
File: pgfmodulebending.code.tex 2021/05/15 v3.1.9a (3.1.9a)
 (d:/texlive/2022/texmf-dist/tex/generic/pgf/modules/pgfmodulenonlineartransformations.code.tex
File: pgfmodulenonlineartransformations.code.tex 2021/05/15 v3.1.9a (3.1.9a)
\pgftransformnonlinearflatness=\dimen343
) (d:/texlive/2022/texmf-dist/tex/generic/pgf/libraries/pgflibrarycurvilinear.code.tex
File: pgflibrarycurvilinear.code.tex 2021/05/15 v3.1.9a (3.1.9a)
\pgf@curvilinear@time@a=\dimen344
\pgf@curvilinear@length@a=\dimen345
\pgf@curvilinear@length@b=\dimen346
\pgf@curvilinear@length@c=\dimen347
\pgf@curvilinear@length@d=\dimen348
)
\pgf@arrows@the@rigidity=\dimen349
)) (d:/texlive/2022/texmf-dist/tex/generic/pgf/frontendlayer/tikz/libraries/tikzlibrarydecorations.markings.code.tex (d:/texlive/2022/texmf-dist/tex/generic/pgf/libraries/decorations/pgflibrarydecorations.markings.code.tex)) (d:/texlive/2022/texmf-dist/tex/generic/pgf/frontendlayer/tikz/libraries/tikzlibrarydecorations.pathmorphing.code.tex (d:/texlive/2022/texmf-dist/tex/generic/pgf/libraries/decorations/pgflibrarydecorations.pathmorphing.code.tex)) (d:/texlive/2022/texmf-dist/tex/generic/pgf/frontendlayer/tikz/libraries/tikzlibraryspy.code.tex
File: tikzlibraryspy.code.tex 2021/05/15 v3.1.9a (3.1.9a)
\tikz@lib@spybox=\box153
) (d:/texlive/2022/texmf-dist/tex/generic/pgf/frontendlayer/tikz/libraries/tikzlibraryfpu.code.tex)
\pgf@layerbox@behind=\box154
\pgf@layerboxsaved@behind=\box155
\pgf@layerbox@above=\box156
\pgf@layerboxsaved@above=\box157
\pgf@layerbox@foreground=\box158
\pgf@layerboxsaved@foreground=\box159
)

Package csquotes Warning: Load 'inputenc' before 'csquotes' on input line 31.

Package csquotes Info: Checking for multilingual support...
Package csquotes Info: ... none found.
LaTeX Font Info:    Trying to load font information for OT1+ntxtlf on input line 31.
(d:/texlive/2022/texmf-dist/tex/latex/newtx/ot1ntxtlf.fd
File: ot1ntxtlf.fd 2021/05/24 v1.0 font definition file for OT1/ntx/tlf
)
LaTeX Font Info:    Font shape `OT1/ntxtlf/m/n' will be
(Font)              scaled to size 10.95pt on input line 31.


Package biblatex Warning: Load 'inputenc' before biblatex.


LaTeX Warning: Unused global option(s):
    [singlecolumn].

(./main.aux)
\openout1 = `main.aux'.

LaTeX Font Info:    Checking defaults for OML/cmm/m/it on input line 31.
LaTeX Font Info:    ... okay on input line 31.
LaTeX Font Info:    Checking defaults for OMS/cmsy/m/n on input line 31.
LaTeX Font Info:    ... okay on input line 31.
LaTeX Font Info:    Checking defaults for OT1/cmr/m/n on input line 31.
LaTeX Font Info:    ... okay on input line 31.
LaTeX Font Info:    Checking defaults for T1/cmr/m/n on input line 31.
LaTeX Font Info:    ... okay on input line 31.
LaTeX Font Info:    Checking defaults for TS1/cmr/m/n on input line 31.
LaTeX Font Info:    ... okay on input line 31.
LaTeX Font Info:    Checking defaults for OMX/cmex/m/n on input line 31.
LaTeX Font Info:    ... okay on input line 31.
LaTeX Font Info:    Checking defaults for U/cmr/m/n on input line 31.
LaTeX Font Info:    ... okay on input line 31.
LaTeX Font Info:    Checking defaults for PD1/pdf/m/n on input line 31.
LaTeX Font Info:    ... okay on input line 31.
LaTeX Font Info:    Checking defaults for PU/pdf/m/n on input line 31.
LaTeX Font Info:    ... okay on input line 31.
LaTeX Font Info:    Checking defaults for C00/song/m/n on input line 31.
LaTeX Font Info:    ... okay on input line 31.
LaTeX Font Info:    Checking defaults for C05/song/m/n on input line 31.
LaTeX Font Info:    ... okay on input line 31.
LaTeX Font Info:    Checking defaults for C09/song/m/n on input line 31.
LaTeX Font Info:    ... okay on input line 31.
LaTeX Font Info:    Checking defaults for C10/song/m/n on input line 31.
LaTeX Font Info:    ... okay on input line 31.
LaTeX Font Info:    Checking defaults for C20/song/m/n on input line 31.
LaTeX Font Info:    ... okay on input line 31.
LaTeX Font Info:    Checking defaults for C19/song/m/n on input line 31.
LaTeX Font Info:    ... okay on input line 31.
LaTeX Font Info:    Checking defaults for C40/song/m/n on input line 31.
LaTeX Font Info:    ... okay on input line 31.
LaTeX Font Info:    Checking defaults for C42/song/m/n on input line 31.
LaTeX Font Info:    ... okay on input line 31.
LaTeX Font Info:    Checking defaults for C43/song/m/n on input line 31.
LaTeX Font Info:    ... okay on input line 31.
LaTeX Font Info:    Checking defaults for C50/song/m/n on input line 31.
LaTeX Font Info:    ... okay on input line 31.
LaTeX Font Info:    Checking defaults for C52/song/m/n on input line 31.
LaTeX Font Info:    ... okay on input line 31.
LaTeX Font Info:    Checking defaults for C49/song/m/n on input line 31.
LaTeX Font Info:    ... okay on input line 31.
LaTeX Font Info:    Checking defaults for C60/mj/m/n on input line 31.
LaTeX Font Info:    ... okay on input line 31.
LaTeX Font Info:    Checking defaults for C61/mj/m/n on input line 31.
LaTeX Font Info:    ... okay on input line 31.
LaTeX Font Info:    Checking defaults for C63/mj/m/n on input line 31.
LaTeX Font Info:    ... okay on input line 31.
LaTeX Font Info:    Checking defaults for C64/mj/m/n on input line 31.
LaTeX Font Info:    ... okay on input line 31.
LaTeX Font Info:    Checking defaults for C65/mj/m/n on input line 31.
LaTeX Font Info:    ... okay on input line 31.
LaTeX Font Info:    Checking defaults for C70/song/m/n on input line 31.
LaTeX Font Info:    ... okay on input line 31.
LaTeX Font Info:    Checking defaults for C31/song/m/n on input line 31.
LaTeX Font Info:    ... okay on input line 31.
LaTeX Font Info:    Checking defaults for C32/song/m/n on input line 31.
LaTeX Font Info:    ... okay on input line 31.
LaTeX Font Info:    Checking defaults for C33/song/m/n on input line 31.
LaTeX Font Info:    ... okay on input line 31.
LaTeX Font Info:    Checking defaults for C34/song/m/n on input line 31.
LaTeX Font Info:    ... okay on input line 31.
LaTeX Font Info:    Checking defaults for C35/song/m/n on input line 31.
LaTeX Font Info:    ... okay on input line 31.
LaTeX Font Info:    Checking defaults for C36/song/m/n on input line 31.
LaTeX Font Info:    ... okay on input line 31.
LaTeX Font Info:    Checking defaults for C37/song/m/n on input line 31.
LaTeX Font Info:    ... okay on input line 31.
LaTeX Font Info:    Checking defaults for C80/song/m/n on input line 31.
LaTeX Font Info:    ... okay on input line 31.
LaTeX Font Info:    Checking defaults for C81/song/m/n on input line 31.
LaTeX Font Info:    ... okay on input line 31.
LaTeX Font Info:    Checking defaults for C01/song/m/n on input line 31.
LaTeX Font Info:    ... okay on input line 31.
LaTeX Font Info:    Checking defaults for C11/song/m/n on input line 31.
LaTeX Font Info:    ... okay on input line 31.
LaTeX Font Info:    Checking defaults for C21/song/m/n on input line 31.
LaTeX Font Info:    ... okay on input line 31.
LaTeX Font Info:    Checking defaults for C41/song/m/n on input line 31.
LaTeX Font Info:    ... okay on input line 31.
LaTeX Font Info:    Checking defaults for C62/song/m/n on input line 31.
LaTeX Font Info:    ... okay on input line 31.
Package hyperref Info: Link coloring ON on input line 31.
 (./main.out) (./main.out)
\@outlinefile=\write7
\openout7 = `main.out'.


*geometry* driver: auto-detecting
*geometry* detected driver: pdftex
*geometry* verbose mode - [ preamble ] result:
* driver: pdftex
* paper: a4paper
* layout: <same size as paper>
* layoutoffset:(h,v)=(0.0pt,0.0pt)
* modes: 
* h-part:(L,W,R)=(56.9055pt, 483.69687pt, 56.9055pt)
* v-part:(T,H,B)=(72.26997pt, 700.5069pt, 72.26997pt)
* \paperwidth=597.50787pt
* \paperheight=845.04684pt
* \textwidth=483.69687pt
* \textheight=700.5069pt
* \oddsidemargin=-15.36449pt
* \evensidemargin=-15.36449pt
* \topmargin=-73.12352pt
* \headheight=61.74242pt
* \headsep=11.38109pt
* \topskip=11.0pt
* \footskip=34.1433pt
* \marginparwidth=53.0pt
* \marginparsep=7.0pt
* \columnsep=10.0pt
* \skip\footins=10.0pt plus 4.0pt minus 2.0pt
* \hoffset=0.0pt
* \voffset=0.0pt
* \mag=1000
* \@twocolumnfalse
* \@twosidefalse
* \@mparswitchfalse
* \@reversemarginfalse
* (1in=72.27pt=25.4mm, 1cm=28.453pt)

\c@mv@tabular=\count535
\c@mv@boldtabular=\count536
(d:/texlive/2022/texmf-dist/tex/context/base/mkii/supp-pdf.mkii
[Loading MPS to PDF converter (version 2006.09.02).]
\scratchcounter=\count537
\scratchdimen=\dimen350
\scratchbox=\box160
\nofMPsegments=\count538
\nofMParguments=\count539
\everyMPshowfont=\toks55
\MPscratchCnt=\count540
\MPscratchDim=\dimen351
\MPnumerator=\count541
\makeMPintoPDFobject=\count542
\everyMPtoPDFconversion=\toks56
) (d:/texlive/2022/texmf-dist/tex/latex/epstopdf-pkg/epstopdf-base.sty
Package: epstopdf-base 2020-01-24 v2.11 Base part for package epstopdf
Package epstopdf-base Info: Redefining graphics rule for `.eps' on input line 485.
 (d:/texlive/2022/texmf-dist/tex/latex/latexconfig/epstopdf-sys.cfg
File: epstopdf-sys.cfg 2010/07/13 v1.3 Configuration of (r)epstopdf for TeX Live
))
Package caption Info: Begin \AtBeginDocument code.
Package caption Info: listings package is loaded.
Package caption Info: End \AtBeginDocument code.
 (d:/texlive/2022/texmf-dist/tex/latex/footmisc/footmisc.sty
Package: footmisc 2022/03/08 v6.0d a miscellany of footnote facilities
\FN@temptoken=\toks57
\footnotemargin=\dimen352
\@outputbox@depth=\dimen353
Package footmisc Info: Declaring symbol style bringhurst on input line 695.
Package footmisc Info: Declaring symbol style chicago on input line 703.
Package footmisc Info: Declaring symbol style wiley on input line 712.
Package footmisc Info: Declaring symbol style lamport-robust on input line 723.
Package footmisc Info: Declaring symbol style lamport* on input line 743.
Package footmisc Info: Declaring symbol style lamport*-robust on input line 764.
)
Package biblatex Info: Trying to load language 'english'...
Package biblatex Info: ... file 'english.lbx' found.
 (d:/texlive/2022/texmf-dist/tex/latex/biblatex/lbx/english.lbx
File: english.lbx 2022/07/12 v3.18b biblatex localization (PK/MW)
)
Package biblatex Info: Input encoding 'utf8' detected.
Package biblatex Info: Automatic encoding selection.
(biblatex)             Assuming data encoding 'utf8'.
\openout5 = `main.bcf'.

Package biblatex Info: Trying to load bibliographic data...
Package biblatex Info: ... file 'main.bbl' found.
 (./main.bbl)
Package biblatex Info: Reference section=0 on input line 31.
Package biblatex Info: Reference segment=0 on input line 31.
\c@lstlisting=\count543
 (d:/texlive/2022/texmf-dist/tex/latex/cjk/texinput/UTF8/UTF8.bdg
File: UTF8.bdg 2021/10/16 4.8.5
) (d:/texlive/2022/texmf-dist/tex/latex/cjk/texinput/UTF8/UTF8.enc
File: UTF8.enc 2021/10/16 4.8.5
) (d:/texlive/2022/texmf-dist/tex/latex/cjk/texinput/UTF8/UTF8.chr
File: UTF8.chr 2021/10/16 4.8.5
)
Package hyperref Info: Option `pageanchor' set `false' on input line 33.
*geometry* verbose mode - [ newgeometry ] result:
* driver: pdftex
* paper: a4paper
* layout: <same size as paper>
* layoutoffset:(h,v)=(0.0pt,0.0pt)
* modes: 
* h-part:(L,W,R)=(0.0pt, 597.50787pt, 0.0pt)
* v-part:(T,H,B)=(0.0pt, 845.04684pt, 0.0pt)
* \paperwidth=597.50787pt
* \paperheight=845.04684pt
* \textwidth=597.50787pt
* \textheight=845.04684pt
* \oddsidemargin=-72.26999pt
* \evensidemargin=-72.26999pt
* \topmargin=-145.3935pt
* \headheight=61.74242pt
* \headsep=11.38109pt
* \topskip=11.0pt
* \footskip=34.1433pt
* \marginparwidth=53.0pt
* \marginparsep=7.0pt
* \columnsep=10.0pt
* \skip\footins=10.0pt plus 4.0pt minus 2.0pt
* \hoffset=0.0pt
* \voffset=0.0pt
* \mag=1000
* \@twocolumnfalse
* \@twosidefalse
* \@mparswitchfalse
* \@reversemarginfalse
* (1in=72.27pt=25.4mm, 1cm=28.453pt)

<C:/Users/LJR/Desktop/Maths/elegant_math/TheoryOfProbability/figure/white2_2.jpg, id=232, 1927.2pt x 1084.05pt>
File: C:/Users/LJR/Desktop/Maths/elegant_math/TheoryOfProbability/figure/white2_2.jpg Graphic file (type jpg)
<use C:/Users/LJR/Desktop/Maths/elegant_math/TheoryOfProbability/figure/white2_2.jpg>
Package pdftex.def Info: C:/Users/LJR/Desktop/Maths/elegant_math/TheoryOfProbability/figure/white2_2.jpg  used on input line 33.
(pdftex.def)             Requested size: 597.50787pt x 336.08511pt.
LaTeX Font Info:    Font shape `OT1/ntxtlf/b/n' will be
(Font)              scaled to size 10.95pt on input line 33.
LaTeX Font Info:    Font shape `OT1/ntxtlf/b/n' will be
(Font)              scaled to size 24.88pt on input line 33.
LaTeX Font Info:    Trying to load font information for U+rsfs on input line 33.
 (d:/texlive/2022/texmf-dist/tex/latex/jknapltx/ursfs.fd
File: ursfs.fd 1998/03/24 rsfs font definition file (jk)
)
LaTeX Font Info:    Trying to load font information for U+msa on input line 33.
 (d:/texlive/2022/texmf-dist/tex/latex/amsfonts/umsa.fd
File: umsa.fd 2013/01/14 v3.01 AMS symbols A
)
LaTeX Font Info:    Trying to load font information for U+msb on input line 33.
 (d:/texlive/2022/texmf-dist/tex/latex/amsfonts/umsb.fd
File: umsb.fd 2013/01/14 v3.01 AMS symbols B
)
LaTeX Font Info:    Font shape `OT1/ntxtlf/b/n' will be
(Font)              scaled to size 14.4pt on input line 33.
LaTeX Font Info:    Font shape `OT1/ntxtlf/b/n' will be
(Font)              scaled to size 10.0pt on input line 33.
LaTeX Font Info:    Trying to load font information for C70+gbsn on input line 33.
 (d:/texlive/2022/texmf-dist/tex/latex/cjk/texinput/UTF8/c70gbsn.fd
File: c70gbsn.fd 2021/10/16 4.8.5
) (d:/texlive/2022/texmf-dist/tex/latex/cjk/texinput/UTF8/c70gbsn.fdx
File: c70gbsn.fdx 2021/10/16 4.8.5
)

LaTeX Font Warning: Font shape `C70/gbsn/b/n' undefined
(Font)              using `C70/gbsn/m/n' instead on input line 33.

<logo-blue.png, id=237, 467.8278pt x 465.9006pt>
File: logo-blue.png Graphic file (type png)
<use logo-blue.png>
Package pdftex.def Info: logo-blue.png  used on input line 33.
(pdftex.def)             Requested size: 119.50148pt x 119.00568pt.
LaTeX Font Info:    Font shape `OT1/ntxtlf/m/it' will be
(Font)              scaled to size 10.95pt on input line 33.

LaTeX Font Warning: Font shape `C70/gbsn/m/it' undefined
(Font)              using `C70/gbsn/m/n' instead on input line 33.

[1



{d:/texlive/2022/texmf-var/fonts/map/pdftex/updmap/pdftex.map} <c:/Users/LJR/Desktop/Maths/elegant_math/TheoryOfProbability/figure/white2_2.jpg> <./logo-blue.png>]
LaTeX Font Info:    Font shape `OT1/ntxtlf/b/n' will be
(Font)              scaled to size 17.28pt on input line 37.
 (./main.toc [1



])
\tf@toc=\write8
\openout8 = `main.toc'.

LaTeX Font Info:    Font shape `OT1/ntxtlf/m/n' will be
(Font)              scaled to size 10.0pt on input line 39.
 [2]
Chapter 1.
LaTeX Font Info:    Font shape `OT1/ntxtlf/b/n' will be
(Font)              scaled to size 12.0pt on input line 46.
LaTeX Font Info:    Font shape `OT1/ntxtlf/b/it' will be
(Font)              scaled to size 10.95pt on input line 50.
[1


]
LaTeX Font Info:    Font shape `OT1/ntxtlf/m/n' will be
(Font)              scaled to size 8.0pt on input line 151.
LaTeX Font Info:    Trying to load font information for U+ding on input line 151.
 (d:/texlive/2022/texmf-dist/tex/latex/bbding/Uding.fd
File: Uding.fd 1996/02/01 v1.0 BBding font definitions
)
LaTeX Font Info:    Font shape `OT1/ntxtlf/m/n' will be
(Font)              scaled to size 6.0pt on input line 155.
 [2] [3] [4]
LaTeX Font Info:    Trying to load font information for U+dsrom on input line 388.
 (d:/texlive/2022/texmf-dist/tex/latex/doublestroke/Udsrom.fd
File: Udsrom.fd 1995/08/01 v0.1 Double stroke roman font definitions
)
LaTeX Font Info:    Font shape `OT1/ntxtlf/m/it' will be
(Font)              scaled to size 8.0pt on input line 392.
LaTeX Font Info:    Font shape `OT1/ntxtlf/m/it' will be
(Font)              scaled to size 6.0pt on input line 392.
 [5] [6]
Chapter 2.

Package hyperref Warning: Token not allowed in a PDF string (Unicode):
(hyperref)                removing `math shift' on input line 450.


Package hyperref Warning: Token not allowed in a PDF string (Unicode):
(hyperref)                removing `\sigma' on input line 450.


Package hyperref Warning: Token not allowed in a PDF string (Unicode):
(hyperref)                removing `math shift' on input line 450.

[7

] [8] [9] [10] [11] [12] [13] [14] [15] [16] [17] [18] [19] [20] [21] [22] [23] [24] [25]
Chapter 3.
[26

] [27] [28] [29]

Package hyperref Warning: Token not allowed in a PDF string (Unicode):
(hyperref)                removing `math shift' on input line 2034.


Package hyperref Warning: Token not allowed in a PDF string (Unicode):
(hyperref)                removing `\sigma' on input line 2034.


Package hyperref Warning: Token not allowed in a PDF string (Unicode):
(hyperref)                removing `math shift' on input line 2034.

[30] [31] [32] [33]
Chapter 4.
[34

] [35] [36] [37] [38] [39] [40]

LaTeX Warning: Reference `' on page 41 undefined on input line 2881.

[41] [42] [43] [44] [45] [46] [47]
Overfull \hbox (4.92764pt too wide) in paragraph at lines 3321--3328
[]\OT1/ntxtlf/b/n/10.95 Example 4.20(Gamma dis-tri-bu-tion) [] \OT1/ntxtlf/m/n/10.95 Con-sider the prob-a-bil-ity mass func-tion $\OML/cmm/m/it/10.95 P[]\OT1/cmr/m/n/10.95 (\OML/cmm/m/it/10.95 A\OT1/cmr/m/n/10.95 ) := [][] []\OML/cmm/m/it/10.95 ^^U[]x[]e[]\OT1/cmr/m/n/10.95 d\OML/cmm/m/it/10.95 x$
 []

[48]

LaTeX Warning: Reference `' on page 49 undefined on input line 3416.

[49] [50] [51] [52] [53] [54] [55] [56]
Chapter 5.
[57

] [58]
Overfull \hbox (4.37482pt too wide) in paragraph at lines 4049--4051
[]\OT1/ntxtlf/m/n/10.95 Symmetricity is triv-ial since $[]\OT1/cmr/m/n/10.95 (\OML/cmm/m/it/10.95 X[]; X[]\OT1/cmr/m/n/10.95 ) = [](\OML/cmm/m/it/10.95 X[]; X[]\OT1/cmr/m/n/10.95 )$\OT1/ntxtlf/m/n/10.95 . Now pick any real vec-tor $[] \OT1/cmr/m/n/10.95 = (\OML/cmm/m/it/10.95 c[]; c[]; []  ; c[]\OT1/cmr/m/n/10.95 )[]$\OT1/ntxtlf/m/n/10.95 ,
 []

[59]
Overfull \hbox (9.32523pt too wide) in paragraph at lines 4113--4117
[]\OT1/ntxtlf/b/n/10.95 Example 5.4(Multi-dimensional nor-mal dis-tri-bu-tion) [] \OT1/ntxtlf/m/n/10.95 Let an $\OML/cmm/m/it/10.95 n$\OT1/ntxtlf/m/n/10.95 -dimensional r.v. vec-tor $[] \OT1/cmr/m/n/10.95 = (\OML/cmm/m/it/10.95 X[]; X[]; []  ; X[]\OT1/cmr/m/n/10.95 )$
 []

[60]
<C:/Users/LJR/Desktop/Maths/elegant_math/TheoryOfProbability/figure/buffons-needle-trigonometry.png, id=976, 602.25pt x 362.35374pt>
File: C:/Users/LJR/Desktop/Maths/elegant_math/TheoryOfProbability/figure/buffons-needle-trigonometry.png Graphic file (type png)
<use C:/Users/LJR/Desktop/Maths/elegant_math/TheoryOfProbability/figure/buffons-needle-trigonometry.png>
Package pdftex.def Info: C:/Users/LJR/Desktop/Maths/elegant_math/TheoryOfProbability/figure/buffons-needle-trigonometry.png  used on input line 4162.
(pdftex.def)             Requested size: 241.84843pt x 145.51395pt.
 [61 <c:/Users/LJR/Desktop/Maths/elegant_math/TheoryOfProbability/figure/buffons-needle-trigonometry.png (PNG copy)>] [62] [63] [64] [65] [66] [67] [68] [69] [70] [71]
Chapter 6.
[72

] [73] [74] [75] [76] [77] [78]
Chapter 7.
[79

] [80] [81] [82] [83] [84] [85] [86] [87] [88] [89] [90] [91] [92]

LaTeX Warning: `h' float specifier changed to `ht'.

[93] [94] [95] [96] [97] [98] [99] [100] [101] [102]
Chapter 8.
[103

]
Overfull \hbox (30.78787pt too wide) in paragraph at lines 7007--7017
\OT1/ntxtlf/m/n/10.95 Using $\OML/cmm/m/it/10.95 X[] \OMS/cmsy/m/n/10.95 ! \OML/cmm/m/it/10.95 X$ \OT1/ntxtlf/m/n/10.95 in prob-a-bil-ity and send-ing $\OML/cmm/m/it/10.95 n \OMS/cmsy/m/n/10.95 ! 1$\OT1/ntxtlf/m/n/10.95 , we have $[]$
 []

[104] [105] [106] [107] [108]
Overfull \hbox (16.14316pt too wide) in paragraph at lines 7415--7419
[]\OT1/ntxtlf/b/n/10.95 Example 8.6(Coin flips for in-finitely many times) [] \OT1/ntxtlf/m/n/10.95 Let $\OML/cmm/m/it/10.95 A \OT1/cmr/m/n/10.95 = \OMS/cmsy/m/n/10.95 f[] [] []g$\OT1/ntxtlf/m/n/10.95 .
 []

[109]
LaTeX Font Info:    Font shape `OT1/ntxtlf/m/sc' will be
(Font)              scaled to size 10.95pt on input line 7434.
LaTeX Font Info:    Trying to load font information for OT1+lmtt on input line 7434.
 (d:/texlive/2022/texmf-dist/tex/latex/lm/ot1lmtt.fd
File: ot1lmtt.fd 2015/05/01 v1.6.1 Font defs for Latin Modern
) [110

] (./main.aux)

LaTeX Font Warning: Some font shapes were not available, defaults substituted.


LaTeX Warning: There were undefined references.

Package rerunfilecheck Info: File `main.out' has not changed.
(rerunfilecheck)             Checksum: 3FEEE8CBD2327CEF8A1CD98AC0202B99;10062.
Package logreq Info: Writing requests to 'main.run.xml'.
\openout1 = `main.run.xml'.

 ) 
Here is how much of TeX's memory you used:
 51771 strings out of 475075
 1038167 string characters out of 5783001
 1960886 words of memory out of 5000000
 71442 multiletter control sequences out of 15000+600000
 517921 words of font info for 164 fonts, out of 8000000 for 9000
 1141 hyphenation exceptions out of 8191
 102i,20n,136p,815b,2401s stack positions out of 10000i,1000n,20000p,200000b,200000s
{d:/texlive/2022/texmf-dist/fonts/enc/dvips/lm/lm-rmtt.enc}{d:/texlive/2022/texmf-dist/fonts/enc/dvips/newtx/ntx-ot1-tlf-pc.enc}{d:/texlive/2022/texmf-dist/fonts/enc/dvips/newtx/ntx-ot1-tlf.enc}<d:/texlive/2022/texmf-dist/fonts/type1/public/niceframe-type1/bbding10.pfb><d:/texlive/2022/texmf-dist/fonts/type1/public/amsfonts/cm/cmex10.pfb><d:/texlive/2022/texmf-dist/fonts/type1/public/amsfonts/cmextra/cmex8.pfb><d:/texlive/2022/texmf-dist/fonts/type1/public/amsfonts/cm/cmmi10.pfb><d:/texlive/2022/texmf-dist/fonts/type1/public/amsfonts/cm/cmmi12.pfb><d:/texlive/2022/texmf-dist/fonts/type1/public/amsfonts/cm/cmmi6.pfb><d:/texlive/2022/texmf-dist/fonts/type1/public/amsfonts/cm/cmmi8.pfb><d:/texlive/2022/texmf-dist/fonts/type1/public/amsfonts/cm/cmmib10.pfb><d:/texlive/2022/texmf-dist/fonts/type1/public/amsfonts/cm/cmr10.pfb><d:/texlive/2022/texmf-dist/fonts/type1/public/amsfonts/cm/cmr6.pfb><d:/texlive/2022/texmf-dist/fonts/type1/public/amsfonts/cm/cmr8.pfb><d:/texlive/2022/texmf-dist/fonts/type1/public/amsfonts/cm/cmsy10.pfb><d:/texlive/2022/texmf-dist/fonts/type1/public/amsfonts/cm/cmsy6.pfb><d:/texlive/2022/texmf-dist/fonts/type1/public/amsfonts/cm/cmsy8.pfb><d:/texlive/2022/texmf-dist/fonts/type1/public/doublestroke/dsrom10.pfb><d:/texlive/2022/texmf-dist/fonts/type1/public/doublestroke/dsrom8.pfb><d:/texlive/2022/texmf-dist/fonts/type1/arphic/gbsnu/gbsnu30.pfb><d:/texlive/2022/texmf-dist/fonts/type1/arphic/gbsnu/gbsnu4e.pfb><d:/texlive/2022/texmf-dist/fonts/type1/arphic/gbsnu/gbsnu4f.pfb><d:/texlive/2022/texmf-dist/fonts/type1/arphic/gbsnu/gbsnu51.pfb><d:/texlive/2022/texmf-dist/fonts/type1/arphic/gbsnu/gbsnu52.pfb><d:/texlive/2022/texmf-dist/fonts/type1/arphic/gbsnu/gbsnu53.pfb><d:/texlive/2022/texmf-dist/fonts/type1/arphic/gbsnu/gbsnu56.pfb><d:/texlive/2022/texmf-dist/fonts/type1/arphic/gbsnu/gbsnu57.pfb><d:/texlive/2022/texmf-dist/fonts/type1/arphic/gbsnu/gbsnu59.pfb><d:/texlive/2022/texmf-dist/fonts/type1/arphic/gbsnu/gbsnu5b.pfb><d:/texlive/2022/texmf-dist/fonts/type1/arphic/gbsnu/gbsnu5d.pfb><d:/texlive/2022/texmf-dist/fonts/type1/arphic/gbsnu/gbsnu5e.pfb><d:/texlive/2022/texmf-dist/fonts/type1/arphic/gbsnu/gbsnu60.pfb><d:/texlive/2022/texmf-dist/fonts/type1/arphic/gbsnu/gbsnu62.pfb><d:/texlive/2022/texmf-dist/fonts/type1/arphic/gbsnu/gbsnu65.pfb><d:/texlive/2022/texmf-dist/fonts/type1/arphic/gbsnu/gbsnu66.pfb><d:/texlive/2022/texmf-dist/fonts/type1/arphic/gbsnu/gbsnu67.pfb><d:/texlive/2022/texmf-dist/fonts/type1/arphic/gbsnu/gbsnu69.pfb><d:/texlive/2022/texmf-dist/fonts/type1/arphic/gbsnu/gbsnu72.pfb><d:/texlive/2022/texmf-dist/fonts/type1/arphic/gbsnu/gbsnu73.pfb><d:/texlive/2022/texmf-dist/fonts/type1/arphic/gbsnu/gbsnu78.pfb><d:/texlive/2022/texmf-dist/fonts/type1/arphic/gbsnu/gbsnu79.pfb><d:/texlive/2022/texmf-dist/fonts/type1/arphic/gbsnu/gbsnu7b.pfb><d:/texlive/2022/texmf-dist/fonts/type1/arphic/gbsnu/gbsnu7c.pfb><d:/texlive/2022/texmf-dist/fonts/type1/arphic/gbsnu/gbsnu7e.pfb><d:/texlive/2022/texmf-dist/fonts/type1/arphic/gbsnu/gbsnu83.pfb><d:/texlive/2022/texmf-dist/fonts/type1/arphic/gbsnu/gbsnu89.pfb><d:/texlive/2022/texmf-dist/fonts/type1/arphic/gbsnu/gbsnu8b.pfb><d:/texlive/2022/texmf-dist/fonts/type1/arphic/gbsnu/gbsnu8d.pfb><d:/texlive/2022/texmf-dist/fonts/type1/arphic/gbsnu/gbsnu91.pfb><d:/texlive/2022/texmf-dist/fonts/type1/arphic/gbsnu/gbsnu98.pfb><d:/texlive/2022/texmf-dist/fonts/type1/arphic/gbsnu/gbsnuff.pfb><d:/texlive/2022/texmf-dist/fonts/type1/public/lm/lmtt10.pfb><d:/texlive/2022/texmf-dist/fonts/type1/hoekwater/manfnt-font/manfnt.pfb><d:/texlive/2022/texmf-dist/fonts/type1/public/amsfonts/symbols/msam10.pfb><d:/texlive/2022/texmf-dist/fonts/type1/public/amsfonts/symbols/msam7.pfb><d:/texlive/2022/texmf-dist/fonts/type1/public/amsfonts/symbols/msbm10.pfb><d:/texlive/2022/texmf-dist/fonts/type1/public/amsfonts/symbols/msbm7.pfb><d:/texlive/2022/texmf-dist/fonts/type1/public/newtx/ztmb.pfb><d:/texlive/2022/texmf-dist/fonts/type1/public/newtx/ztmbi.pfb><d:/texlive/2022/texmf-dist/fonts/type1/public/newtx/ztmr.pfb><d:/texlive/2022/texmf-dist/fonts/type1/public/newtx/ztmri.pfb>
Output written on main.pdf (113 pages, 1354158 bytes).
PDF statistics:
 1861 PDF objects out of 2073 (max. 8388607)
 1560 compressed objects within 16 object streams
 684 named destinations out of 1000 (max. 500000)
 658 words of extra memory for PDF output out of 10000 (max. 10000000)

